TOP.6981d501.000b2f94	START
TOP.6981d501.000b2f94	folder_config->cwd	/home/thales/hackattic/zip
TOP.6981d501.000b2f94	folder_config->install_dir	/home/thales/hackattic/zip/hashcat-7.1.2
TOP.6981d501.000b2f94	folder_config->profile_dir	/home/thales/hackattic/zip/hashcat-7.1.2
TOP.6981d501.000b2f94	folder_config->session_dir	/home/thales/hackattic/zip/hashcat-7.1.2
TOP.6981d501.000b2f94	folder_config->shared_dir	/home/thales/hackattic/zip/hashcat-7.1.2
TOP.6981d501.000b2f94	user_options->custom_charset_1	?l?d
TOP.6981d501.000b2f94	user_options->encoding_from	utf-8
TOP.6981d501.000b2f94	user_options->encoding_to	utf-8
TOP.6981d501.000b2f94	user_options->opencl_device_types	1
TOP.6981d501.000b2f94	user_options->rule_buf_l	:
TOP.6981d501.000b2f94	user_options->rule_buf_r	:
TOP.6981d501.000b2f94	user_options->session	show
TOP.6981d501.000b2f94	user_options->separator	:
TOP.6981d501.000b2f94	user_options->limit	0
TOP.6981d501.000b2f94	user_options->skip	0
TOP.6981d501.000b2f94	user_options->attack_mode	100
TOP.6981d501.000b2f94	user_options->backend_devices_virtmulti	1
TOP.6981d501.000b2f94	user_options->backend_devices_virthost	1
TOP.6981d501.000b2f94	user_options->backend_devices_keepfree	0
TOP.6981d501.000b2f94	user_options->benchmark	0
TOP.6981d501.000b2f94	user_options->benchmark_all	0
TOP.6981d501.000b2f94	user_options->benchmark_max	99999
TOP.6981d501.000b2f94	user_options->benchmark_min	0
TOP.6981d501.000b2f94	user_options->bitmap_max	18
TOP.6981d501.000b2f94	user_options->bitmap_min	16
TOP.6981d501.000b2f94	user_options->debug_mode	0
TOP.6981d501.000b2f94	user_options->dynamic_x	0
TOP.6981d501.000b2f94	user_options->hash_info	0
TOP.6981d501.000b2f94	user_options->force	1
TOP.6981d501.000b2f94	user_options->hwmon	1
TOP.6981d501.000b2f94	user_options->hwmon_temp_abort	90
TOP.6981d501.000b2f94	user_options->hash_mode	17200
TOP.6981d501.000b2f94	user_options->hex_charset	0
TOP.6981d501.000b2f94	user_options->hex_salt	0
TOP.6981d501.000b2f94	user_options->hex_wordlist	0
TOP.6981d501.000b2f94	user_options->hook_threads	0
TOP.6981d501.000b2f94	user_options->identify	0
TOP.6981d501.000b2f94	user_options->increment	1
TOP.6981d501.000b2f94	user_options->increment_max	6
TOP.6981d501.000b2f94	user_options->increment_min	4
TOP.6981d501.000b2f94	user_options->keep_guessing	0
TOP.6981d501.000b2f94	user_options->kernel_accel	0
TOP.6981d501.000b2f94	user_options->kernel_loops	0
TOP.6981d501.000b2f94	user_options->kernel_threads	0
TOP.6981d501.000b2f94	user_options->keyspace	0
TOP.6981d501.000b2f94	user_options->total_candidates	0
TOP.6981d501.000b2f94	user_options->left	0
TOP.6981d501.000b2f94	user_options->logfile	1
TOP.6981d501.000b2f94	user_options->loopback	0
TOP.6981d501.000b2f94	user_options->machine_readable	0
TOP.6981d501.000b2f94	user_options->markov_classic	0
TOP.6981d501.000b2f94	user_options->markov	1
TOP.6981d501.000b2f94	user_options->markov_inverse	0
TOP.6981d501.000b2f94	user_options->markov_threshold	256
TOP.6981d501.000b2f94	user_options->metal_compiler_runtime	120
TOP.6981d501.000b2f94	user_options->multiply_accel	1
TOP.6981d501.000b2f94	user_options->backend_info	0
TOP.6981d501.000b2f94	user_options->backend_vector_width	0
TOP.6981d501.000b2f94	user_options->optimized_kernel	0
TOP.6981d501.000b2f94	user_options->outfile_autohex	1
TOP.6981d501.000b2f94	user_options->outfile_check_timer	5
TOP.6981d501.000b2f94	user_options->outfile_format	2
TOP.6981d501.000b2f94	user_options->outfile_json	0
TOP.6981d501.000b2f94	user_options->wordlist_autohex	1
TOP.6981d501.000b2f94	user_options->potfile	1
TOP.6981d501.000b2f94	user_options->progress_only	0
TOP.6981d501.000b2f94	user_options->quiet	1
TOP.6981d501.000b2f94	user_options->remove	0
TOP.6981d501.000b2f94	user_options->remove_timer	60
TOP.6981d501.000b2f94	user_options->restore	0
TOP.6981d501.000b2f94	user_options->restore_enable	0
TOP.6981d501.000b2f94	user_options->restore_timer	1
TOP.6981d501.000b2f94	user_options->rp_files_cnt	0
TOP.6981d501.000b2f94	user_options->rp_gen	0
TOP.6981d501.000b2f94	user_options->rp_gen_func_max	4
TOP.6981d501.000b2f94	user_options->rp_gen_func_min	1
TOP.6981d501.000b2f94	user_options->rp_gen_seed	0
TOP.6981d501.000b2f94	user_options->runtime	0
TOP.6981d501.000b2f94	user_options->scrypt_tmto	0
TOP.6981d501.000b2f94	user_options->segment_size	33554432
TOP.6981d501.000b2f94	user_options->self_test	1
TOP.6981d501.000b2f94	user_options->slow_candidates	0
TOP.6981d501.000b2f94	user_options->show	1
TOP.6981d501.000b2f94	user_options->speed_only	0
TOP.6981d501.000b2f94	user_options->spin_damp	0
TOP.6981d501.000b2f94	user_options->status	0
TOP.6981d501.000b2f94	user_options->status_json	0
TOP.6981d501.000b2f94	user_options->status_timer	10
TOP.6981d501.000b2f94	user_options->stdout_flag	0
TOP.6981d501.000b2f94	user_options->usage	0
TOP.6981d501.000b2f94	user_options->username	0
TOP.6981d501.000b2f94	user_options->veracrypt_pim_start	485
TOP.6981d501.000b2f94	user_options->veracrypt_pim_stop	485
TOP.6981d501.000b2f94	user_options->version	0
TOP.6981d501.000b2f94	user_options->workload_profile	2
TOP.6981d501.000b2f94	user_options->brain_client	0
TOP.6981d501.000b2f94	user_options->brain_client_features	2
TOP.6981d501.000b2f94	user_options->brain_server	0
TOP.6981d501.000b2f94	user_options->brain_server_timer	300
TOP.6981d501.000b2f94	user_options->brain_port	6863
TOP.6981d501.000b2f94	user_options->brain_session	0
TOP.6981d501.000b2f94	proc_start	1770116353
TOP.6981d501.000b2f94	proc_stop	1770116353
TOP.6981d501.000b2f94	STOP
TOP.6981d641.000b9362	START
TOP.6981d641.000b9362	folder_config->cwd	/home/thales/hackattic/zip
TOP.6981d641.000b9362	folder_config->install_dir	/home/thales/hackattic/zip/hashcat-7.1.2
TOP.6981d641.000b9362	folder_config->profile_dir	/home/thales/hackattic/zip/hashcat-7.1.2
TOP.6981d641.000b9362	folder_config->session_dir	/home/thales/hackattic/zip/hashcat-7.1.2
TOP.6981d641.000b9362	folder_config->shared_dir	/home/thales/hackattic/zip/hashcat-7.1.2
TOP.6981d641.000b9362	user_options->custom_charset_1	?l?d
TOP.6981d641.000b9362	user_options->encoding_from	utf-8
TOP.6981d641.000b9362	user_options->encoding_to	utf-8
TOP.6981d641.000b9362	user_options->opencl_device_types	1
TOP.6981d641.000b9362	user_options->rule_buf_l	:
TOP.6981d641.000b9362	user_options->rule_buf_r	:
TOP.6981d641.000b9362	user_options->session	show
TOP.6981d641.000b9362	user_options->separator	:
TOP.6981d641.000b9362	user_options->limit	0
TOP.6981d641.000b9362	user_options->skip	0
TOP.6981d641.000b9362	user_options->attack_mode	100
TOP.6981d641.000b9362	user_options->backend_devices_virtmulti	1
TOP.6981d641.000b9362	user_options->backend_devices_virthost	1
TOP.6981d641.000b9362	user_options->backend_devices_keepfree	0
TOP.6981d641.000b9362	user_options->benchmark	0
TOP.6981d641.000b9362	user_options->benchmark_all	0
TOP.6981d641.000b9362	user_options->benchmark_max	99999
TOP.6981d641.000b9362	user_options->benchmark_min	0
TOP.6981d641.000b9362	user_options->bitmap_max	18
TOP.6981d641.000b9362	user_options->bitmap_min	16
TOP.6981d641.000b9362	user_options->debug_mode	0
TOP.6981d641.000b9362	user_options->dynamic_x	0
TOP.6981d641.000b9362	user_options->hash_info	0
TOP.6981d641.000b9362	user_options->force	0
TOP.6981d641.000b9362	user_options->hwmon	1
TOP.6981d641.000b9362	user_options->hwmon_temp_abort	90
TOP.6981d641.000b9362	user_options->hash_mode	17225
TOP.6981d641.000b9362	user_options->hex_charset	0
TOP.6981d641.000b9362	user_options->hex_salt	0
TOP.6981d641.000b9362	user_options->hex_wordlist	0
TOP.6981d641.000b9362	user_options->hook_threads	0
TOP.6981d641.000b9362	user_options->identify	0
TOP.6981d641.000b9362	user_options->increment	1
TOP.6981d641.000b9362	user_options->increment_max	6
TOP.6981d641.000b9362	user_options->increment_min	4
TOP.6981d641.000b9362	user_options->keep_guessing	0
TOP.6981d641.000b9362	user_options->kernel_accel	0
TOP.6981d641.000b9362	user_options->kernel_loops	0
TOP.6981d641.000b9362	user_options->kernel_threads	0
TOP.6981d641.000b9362	user_options->keyspace	0
TOP.6981d641.000b9362	user_options->total_candidates	0
TOP.6981d641.000b9362	user_options->left	0
TOP.6981d641.000b9362	user_options->logfile	1
TOP.6981d641.000b9362	user_options->loopback	0
TOP.6981d641.000b9362	user_options->machine_readable	0
TOP.6981d641.000b9362	user_options->markov_classic	0
TOP.6981d641.000b9362	user_options->markov	1
TOP.6981d641.000b9362	user_options->markov_inverse	0
TOP.6981d641.000b9362	user_options->markov_threshold	256
TOP.6981d641.000b9362	user_options->metal_compiler_runtime	120
TOP.6981d641.000b9362	user_options->multiply_accel	1
TOP.6981d641.000b9362	user_options->backend_info	0
TOP.6981d641.000b9362	user_options->backend_vector_width	0
TOP.6981d641.000b9362	user_options->optimized_kernel	0
TOP.6981d641.000b9362	user_options->outfile_autohex	1
TOP.6981d641.000b9362	user_options->outfile_check_timer	5
TOP.6981d641.000b9362	user_options->outfile_format	2
TOP.6981d641.000b9362	user_options->outfile_json	0
TOP.6981d641.000b9362	user_options->wordlist_autohex	1
TOP.6981d641.000b9362	user_options->potfile	1
TOP.6981d641.000b9362	user_options->progress_only	0
TOP.6981d641.000b9362	user_options->quiet	1
TOP.6981d641.000b9362	user_options->remove	0
TOP.6981d641.000b9362	user_options->remove_timer	60
TOP.6981d641.000b9362	user_options->restore	0
TOP.6981d641.000b9362	user_options->restore_enable	0
TOP.6981d641.000b9362	user_options->restore_timer	1
TOP.6981d641.000b9362	user_options->rp_files_cnt	0
TOP.6981d641.000b9362	user_options->rp_gen	0
TOP.6981d641.000b9362	user_options->rp_gen_func_max	4
TOP.6981d641.000b9362	user_options->rp_gen_func_min	1
TOP.6981d641.000b9362	user_options->rp_gen_seed	0
TOP.6981d641.000b9362	user_options->runtime	0
TOP.6981d641.000b9362	user_options->scrypt_tmto	0
TOP.6981d641.000b9362	user_options->segment_size	33554432
TOP.6981d641.000b9362	user_options->self_test	1
TOP.6981d641.000b9362	user_options->slow_candidates	0
TOP.6981d641.000b9362	user_options->show	1
TOP.6981d641.000b9362	user_options->speed_only	0
TOP.6981d641.000b9362	user_options->spin_damp	0
TOP.6981d641.000b9362	user_options->status	0
TOP.6981d641.000b9362	user_options->status_json	0
TOP.6981d641.000b9362	user_options->status_timer	10
TOP.6981d641.000b9362	user_options->stdout_flag	0
TOP.6981d641.000b9362	user_options->usage	0
TOP.6981d641.000b9362	user_options->username	0
TOP.6981d641.000b9362	user_options->veracrypt_pim_start	485
TOP.6981d641.000b9362	user_options->veracrypt_pim_stop	485
TOP.6981d641.000b9362	user_options->version	0
TOP.6981d641.000b9362	user_options->workload_profile	2
TOP.6981d641.000b9362	user_options->brain_client	0
TOP.6981d641.000b9362	user_options->brain_client_features	2
TOP.6981d641.000b9362	user_options->brain_server	0
TOP.6981d641.000b9362	user_options->brain_server_timer	300
TOP.6981d641.000b9362	user_options->brain_port	6863
TOP.6981d641.000b9362	user_options->brain_session	0
TOP.6981d641.000b9362	proc_start	1770116673
TOP.6981d641.000b9362	proc_stop	1770116673
TOP.6981d641.000b9362	STOP
TOP.6981d654.0009771f	START
TOP.6981d654.0009771f	folder_config->cwd	/home/thales/hackattic/zip
TOP.6981d654.0009771f	folder_config->install_dir	/home/thales/hackattic/zip/hashcat-7.1.2
TOP.6981d654.0009771f	folder_config->profile_dir	/home/thales/hackattic/zip/hashcat-7.1.2
TOP.6981d654.0009771f	folder_config->session_dir	/home/thales/hackattic/zip/hashcat-7.1.2
TOP.6981d654.0009771f	folder_config->shared_dir	/home/thales/hackattic/zip/hashcat-7.1.2
TOP.6981d654.0009771f	user_options->custom_charset_1	?l?d
TOP.6981d654.0009771f	user_options->encoding_from	utf-8
TOP.6981d654.0009771f	user_options->encoding_to	utf-8
TOP.6981d654.0009771f	user_options->opencl_device_types	1
TOP.6981d654.0009771f	user_options->rule_buf_l	:
TOP.6981d654.0009771f	user_options->rule_buf_r	:
TOP.6981d654.0009771f	user_options->session	show
TOP.6981d654.0009771f	user_options->separator	:
TOP.6981d654.0009771f	user_options->limit	0
TOP.6981d654.0009771f	user_options->skip	0
TOP.6981d654.0009771f	user_options->attack_mode	100
TOP.6981d654.0009771f	user_options->backend_devices_virtmulti	1
TOP.6981d654.0009771f	user_options->backend_devices_virthost	1
TOP.6981d654.0009771f	user_options->backend_devices_keepfree	0
TOP.6981d654.0009771f	user_options->benchmark	0
TOP.6981d654.0009771f	user_options->benchmark_all	0
TOP.6981d654.0009771f	user_options->benchmark_max	99999
TOP.6981d654.0009771f	user_options->benchmark_min	0
TOP.6981d654.0009771f	user_options->bitmap_max	18
TOP.6981d654.0009771f	user_options->bitmap_min	16
TOP.6981d654.0009771f	user_options->debug_mode	0
TOP.6981d654.0009771f	user_options->dynamic_x	0
TOP.6981d654.0009771f	user_options->hash_info	0
TOP.6981d654.0009771f	user_options->force	0
TOP.6981d654.0009771f	user_options->hwmon	1
TOP.6981d654.0009771f	user_options->hwmon_temp_abort	90
TOP.6981d654.0009771f	user_options->hash_mode	17225
TOP.6981d654.0009771f	user_options->hex_charset	0
TOP.6981d654.0009771f	user_options->hex_salt	0
TOP.6981d654.0009771f	user_options->hex_wordlist	0
TOP.6981d654.0009771f	user_options->hook_threads	0
TOP.6981d654.0009771f	user_options->identify	0
TOP.6981d654.0009771f	user_options->increment	1
TOP.6981d654.0009771f	user_options->increment_max	6
TOP.6981d654.0009771f	user_options->increment_min	4
TOP.6981d654.0009771f	user_options->keep_guessing	0
TOP.6981d654.0009771f	user_options->kernel_accel	0
TOP.6981d654.0009771f	user_options->kernel_loops	0
TOP.6981d654.0009771f	user_options->kernel_threads	0
TOP.6981d654.0009771f	user_options->keyspace	0
TOP.6981d654.0009771f	user_options->total_candidates	0
TOP.6981d654.0009771f	user_options->left	0
TOP.6981d654.0009771f	user_options->logfile	1
TOP.6981d654.0009771f	user_options->loopback	0
TOP.6981d654.0009771f	user_options->machine_readable	0
TOP.6981d654.0009771f	user_options->markov_classic	0
TOP.6981d654.0009771f	user_options->markov	1
TOP.6981d654.0009771f	user_options->markov_inverse	0
TOP.6981d654.0009771f	user_options->markov_threshold	256
TOP.6981d654.0009771f	user_options->metal_compiler_runtime	120
TOP.6981d654.0009771f	user_options->multiply_accel	1
TOP.6981d654.0009771f	user_options->backend_info	0
TOP.6981d654.0009771f	user_options->backend_vector_width	0
TOP.6981d654.0009771f	user_options->optimized_kernel	0
TOP.6981d654.0009771f	user_options->outfile_autohex	1
TOP.6981d654.0009771f	user_options->outfile_check_timer	5
TOP.6981d654.0009771f	user_options->outfile_format	2
TOP.6981d654.0009771f	user_options->outfile_json	0
TOP.6981d654.0009771f	user_options->wordlist_autohex	1
TOP.6981d654.0009771f	user_options->potfile	1
TOP.6981d654.0009771f	user_options->progress_only	0
TOP.6981d654.0009771f	user_options->quiet	1
TOP.6981d654.0009771f	user_options->remove	0
TOP.6981d654.0009771f	user_options->remove_timer	60
TOP.6981d654.0009771f	user_options->restore	0
TOP.6981d654.0009771f	user_options->restore_enable	0
TOP.6981d654.0009771f	user_options->restore_timer	1
TOP.6981d654.0009771f	user_options->rp_files_cnt	0
TOP.6981d654.0009771f	user_options->rp_gen	0
TOP.6981d654.0009771f	user_options->rp_gen_func_max	4
TOP.6981d654.0009771f	user_options->rp_gen_func_min	1
TOP.6981d654.0009771f	user_options->rp_gen_seed	0
TOP.6981d654.0009771f	user_options->runtime	0
TOP.6981d654.0009771f	user_options->scrypt_tmto	0
TOP.6981d654.0009771f	user_options->segment_size	33554432
TOP.6981d654.0009771f	user_options->self_test	1
TOP.6981d654.0009771f	user_options->slow_candidates	0
TOP.6981d654.0009771f	user_options->show	1
TOP.6981d654.0009771f	user_options->speed_only	0
TOP.6981d654.0009771f	user_options->spin_damp	0
TOP.6981d654.0009771f	user_options->status	0
TOP.6981d654.0009771f	user_options->status_json	0
TOP.6981d654.0009771f	user_options->status_timer	10
TOP.6981d654.0009771f	user_options->stdout_flag	0
TOP.6981d654.0009771f	user_options->usage	0
TOP.6981d654.0009771f	user_options->username	0
TOP.6981d654.0009771f	user_options->veracrypt_pim_start	485
TOP.6981d654.0009771f	user_options->veracrypt_pim_stop	485
TOP.6981d654.0009771f	user_options->version	0
TOP.6981d654.0009771f	user_options->workload_profile	2
TOP.6981d654.0009771f	user_options->brain_client	0
TOP.6981d654.0009771f	user_options->brain_client_features	2
TOP.6981d654.0009771f	user_options->brain_server	0
TOP.6981d654.0009771f	user_options->brain_server_timer	300
TOP.6981d654.0009771f	user_options->brain_port	6863
TOP.6981d654.0009771f	user_options->brain_session	0
TOP.6981d654.0009771f	proc_start	1770116692
TOP.6981d654.0009771f	proc_stop	1770116692
TOP.6981d654.0009771f	STOP
TOP.6981d785.000e8eb2	START
TOP.6981d785.000e8eb2	folder_config->cwd	/home/thales/hackattic/zip
TOP.6981d785.000e8eb2	folder_config->install_dir	/home/thales/hackattic/zip/hashcat-7.1.2
TOP.6981d785.000e8eb2	folder_config->profile_dir	/home/thales/hackattic/zip/hashcat-7.1.2
TOP.6981d785.000e8eb2	folder_config->session_dir	/home/thales/hackattic/zip/hashcat-7.1.2
TOP.6981d785.000e8eb2	folder_config->shared_dir	/home/thales/hackattic/zip/hashcat-7.1.2
TOP.6981d785.000e8eb2	user_options->encoding_from	utf-8
TOP.6981d785.000e8eb2	user_options->encoding_to	utf-8
TOP.6981d785.000e8eb2	user_options->rule_buf_l	:
TOP.6981d785.000e8eb2	user_options->rule_buf_r	:
TOP.6981d785.000e8eb2	user_options->session	show
TOP.6981d785.000e8eb2	user_options->separator	:
TOP.6981d785.000e8eb2	user_options->limit	0
TOP.6981d785.000e8eb2	user_options->skip	0
TOP.6981d785.000e8eb2	user_options->attack_mode	100
TOP.6981d785.000e8eb2	user_options->backend_devices_virtmulti	1
TOP.6981d785.000e8eb2	user_options->backend_devices_virthost	1
TOP.6981d785.000e8eb2	user_options->backend_devices_keepfree	0
TOP.6981d785.000e8eb2	user_options->benchmark	0
TOP.6981d785.000e8eb2	user_options->benchmark_all	0
TOP.6981d785.000e8eb2	user_options->benchmark_max	99999
TOP.6981d785.000e8eb2	user_options->benchmark_min	0
TOP.6981d785.000e8eb2	user_options->bitmap_max	18
TOP.6981d785.000e8eb2	user_options->bitmap_min	16
TOP.6981d785.000e8eb2	user_options->debug_mode	0
TOP.6981d785.000e8eb2	user_options->dynamic_x	0
TOP.6981d785.000e8eb2	user_options->hash_info	0
TOP.6981d785.000e8eb2	user_options->force	0
TOP.6981d785.000e8eb2	user_options->hwmon	1
TOP.6981d785.000e8eb2	user_options->hwmon_temp_abort	90
TOP.6981d785.000e8eb2	user_options->hash_mode	17225
TOP.6981d785.000e8eb2	user_options->hex_charset	0
TOP.6981d785.000e8eb2	user_options->hex_salt	0
TOP.6981d785.000e8eb2	user_options->hex_wordlist	0
TOP.6981d785.000e8eb2	user_options->hook_threads	0
TOP.6981d785.000e8eb2	user_options->identify	0
TOP.6981d785.000e8eb2	user_options->increment	0
TOP.6981d785.000e8eb2	user_options->increment_max	256
TOP.6981d785.000e8eb2	user_options->increment_min	1
TOP.6981d785.000e8eb2	user_options->keep_guessing	0
TOP.6981d785.000e8eb2	user_options->kernel_accel	0
TOP.6981d785.000e8eb2	user_options->kernel_loops	0
TOP.6981d785.000e8eb2	user_options->kernel_threads	0
TOP.6981d785.000e8eb2	user_options->keyspace	0
TOP.6981d785.000e8eb2	user_options->total_candidates	0
TOP.6981d785.000e8eb2	user_options->left	0
TOP.6981d785.000e8eb2	user_options->logfile	1
TOP.6981d785.000e8eb2	user_options->loopback	0
TOP.6981d785.000e8eb2	user_options->machine_readable	0
TOP.6981d785.000e8eb2	user_options->markov_classic	0
TOP.6981d785.000e8eb2	user_options->markov	1
TOP.6981d785.000e8eb2	user_options->markov_inverse	0
TOP.6981d785.000e8eb2	user_options->markov_threshold	256
TOP.6981d785.000e8eb2	user_options->metal_compiler_runtime	120
TOP.6981d785.000e8eb2	user_options->multiply_accel	1
TOP.6981d785.000e8eb2	user_options->backend_info	0
TOP.6981d785.000e8eb2	user_options->backend_vector_width	0
TOP.6981d785.000e8eb2	user_options->optimized_kernel	0
TOP.6981d785.000e8eb2	user_options->outfile_autohex	1
TOP.6981d785.000e8eb2	user_options->outfile_check_timer	5
TOP.6981d785.000e8eb2	user_options->outfile_format	2
TOP.6981d785.000e8eb2	user_options->outfile_json	0
TOP.6981d785.000e8eb2	user_options->wordlist_autohex	1
TOP.6981d785.000e8eb2	user_options->potfile	1
TOP.6981d785.000e8eb2	user_options->progress_only	0
TOP.6981d785.000e8eb2	user_options->quiet	1
TOP.6981d785.000e8eb2	user_options->remove	0
TOP.6981d785.000e8eb2	user_options->remove_timer	60
TOP.6981d785.000e8eb2	user_options->restore	0
TOP.6981d785.000e8eb2	user_options->restore_enable	0
TOP.6981d785.000e8eb2	user_options->restore_timer	1
TOP.6981d785.000e8eb2	user_options->rp_files_cnt	0
TOP.6981d785.000e8eb2	user_options->rp_gen	0
TOP.6981d785.000e8eb2	user_options->rp_gen_func_max	4
TOP.6981d785.000e8eb2	user_options->rp_gen_func_min	1
TOP.6981d785.000e8eb2	user_options->rp_gen_seed	0
TOP.6981d785.000e8eb2	user_options->runtime	0
TOP.6981d785.000e8eb2	user_options->scrypt_tmto	0
TOP.6981d785.000e8eb2	user_options->segment_size	33554432
TOP.6981d785.000e8eb2	user_options->self_test	1
TOP.6981d785.000e8eb2	user_options->slow_candidates	0
TOP.6981d785.000e8eb2	user_options->show	1
TOP.6981d785.000e8eb2	user_options->speed_only	0
TOP.6981d785.000e8eb2	user_options->spin_damp	0
TOP.6981d785.000e8eb2	user_options->status	0
TOP.6981d785.000e8eb2	user_options->status_json	0
TOP.6981d785.000e8eb2	user_options->status_timer	10
TOP.6981d785.000e8eb2	user_options->stdout_flag	0
TOP.6981d785.000e8eb2	user_options->usage	0
TOP.6981d785.000e8eb2	user_options->username	0
TOP.6981d785.000e8eb2	user_options->veracrypt_pim_start	485
TOP.6981d785.000e8eb2	user_options->veracrypt_pim_stop	485
TOP.6981d785.000e8eb2	user_options->version	0
TOP.6981d785.000e8eb2	user_options->workload_profile	2
TOP.6981d785.000e8eb2	user_options->brain_client	0
TOP.6981d785.000e8eb2	user_options->brain_client_features	2
TOP.6981d785.000e8eb2	user_options->brain_server	0
TOP.6981d785.000e8eb2	user_options->brain_server_timer	300
TOP.6981d785.000e8eb2	user_options->brain_port	6863
TOP.6981d785.000e8eb2	user_options->brain_session	0
TOP.6981d785.000e8eb2	proc_start	1770116997
TOP.6981d785.000e8eb2	proc_stop	1770116997
TOP.6981d785.000e8eb2	STOP
TOP.6981d7f2.00086f49	START
TOP.6981d7f2.00086f49	folder_config->cwd	/home/thales/hackattic/zip
TOP.6981d7f2.00086f49	folder_config->install_dir	/home/thales/hackattic/zip/hashcat-7.1.2
TOP.6981d7f2.00086f49	folder_config->profile_dir	/home/thales/hackattic/zip/hashcat-7.1.2
TOP.6981d7f2.00086f49	folder_config->session_dir	/home/thales/hackattic/zip/hashcat-7.1.2
TOP.6981d7f2.00086f49	folder_config->shared_dir	/home/thales/hackattic/zip/hashcat-7.1.2
TOP.6981d7f2.00086f49	user_options->encoding_from	utf-8
TOP.6981d7f2.00086f49	user_options->encoding_to	utf-8
TOP.6981d7f2.00086f49	user_options->rule_buf_l	:
TOP.6981d7f2.00086f49	user_options->rule_buf_r	:
TOP.6981d7f2.00086f49	user_options->session	show
TOP.6981d7f2.00086f49	user_options->separator	:
TOP.6981d7f2.00086f49	user_options->limit	0
TOP.6981d7f2.00086f49	user_options->skip	0
TOP.6981d7f2.00086f49	user_options->attack_mode	100
TOP.6981d7f2.00086f49	user_options->backend_devices_virtmulti	1
TOP.6981d7f2.00086f49	user_options->backend_devices_virthost	1
TOP.6981d7f2.00086f49	user_options->backend_devices_keepfree	0
TOP.6981d7f2.00086f49	user_options->benchmark	0
TOP.6981d7f2.00086f49	user_options->benchmark_all	0
TOP.6981d7f2.00086f49	user_options->benchmark_max	99999
TOP.6981d7f2.00086f49	user_options->benchmark_min	0
TOP.6981d7f2.00086f49	user_options->bitmap_max	18
TOP.6981d7f2.00086f49	user_options->bitmap_min	16
TOP.6981d7f2.00086f49	user_options->debug_mode	0
TOP.6981d7f2.00086f49	user_options->dynamic_x	0
TOP.6981d7f2.00086f49	user_options->hash_info	0
TOP.6981d7f2.00086f49	user_options->force	0
TOP.6981d7f2.00086f49	user_options->hwmon	1
TOP.6981d7f2.00086f49	user_options->hwmon_temp_abort	90
TOP.6981d7f2.00086f49	user_options->hash_mode	17225
TOP.6981d7f2.00086f49	user_options->hex_charset	0
TOP.6981d7f2.00086f49	user_options->hex_salt	0
TOP.6981d7f2.00086f49	user_options->hex_wordlist	0
TOP.6981d7f2.00086f49	user_options->hook_threads	0
TOP.6981d7f2.00086f49	user_options->identify	0
TOP.6981d7f2.00086f49	user_options->increment	0
TOP.6981d7f2.00086f49	user_options->increment_max	256
TOP.6981d7f2.00086f49	user_options->increment_min	1
TOP.6981d7f2.00086f49	user_options->keep_guessing	0
TOP.6981d7f2.00086f49	user_options->kernel_accel	0
TOP.6981d7f2.00086f49	user_options->kernel_loops	0
TOP.6981d7f2.00086f49	user_options->kernel_threads	0
TOP.6981d7f2.00086f49	user_options->keyspace	0
TOP.6981d7f2.00086f49	user_options->total_candidates	0
TOP.6981d7f2.00086f49	user_options->left	0
TOP.6981d7f2.00086f49	user_options->logfile	1
TOP.6981d7f2.00086f49	user_options->loopback	0
TOP.6981d7f2.00086f49	user_options->machine_readable	0
TOP.6981d7f2.00086f49	user_options->markov_classic	0
TOP.6981d7f2.00086f49	user_options->markov	1
TOP.6981d7f2.00086f49	user_options->markov_inverse	0
TOP.6981d7f2.00086f49	user_options->markov_threshold	256
TOP.6981d7f2.00086f49	user_options->metal_compiler_runtime	120
TOP.6981d7f2.00086f49	user_options->multiply_accel	1
TOP.6981d7f2.00086f49	user_options->backend_info	0
TOP.6981d7f2.00086f49	user_options->backend_vector_width	0
TOP.6981d7f2.00086f49	user_options->optimized_kernel	0
TOP.6981d7f2.00086f49	user_options->outfile_autohex	1
TOP.6981d7f2.00086f49	user_options->outfile_check_timer	5
TOP.6981d7f2.00086f49	user_options->outfile_format	2
TOP.6981d7f2.00086f49	user_options->outfile_json	0
TOP.6981d7f2.00086f49	user_options->wordlist_autohex	1
TOP.6981d7f2.00086f49	user_options->potfile	1
TOP.6981d7f2.00086f49	user_options->progress_only	0
TOP.6981d7f2.00086f49	user_options->quiet	1
TOP.6981d7f2.00086f49	user_options->remove	0
TOP.6981d7f2.00086f49	user_options->remove_timer	60
TOP.6981d7f2.00086f49	user_options->restore	0
TOP.6981d7f2.00086f49	user_options->restore_enable	0
TOP.6981d7f2.00086f49	user_options->restore_timer	1
TOP.6981d7f2.00086f49	user_options->rp_files_cnt	0
TOP.6981d7f2.00086f49	user_options->rp_gen	0
TOP.6981d7f2.00086f49	user_options->rp_gen_func_max	4
TOP.6981d7f2.00086f49	user_options->rp_gen_func_min	1
TOP.6981d7f2.00086f49	user_options->rp_gen_seed	0
TOP.6981d7f2.00086f49	user_options->runtime	0
TOP.6981d7f2.00086f49	user_options->scrypt_tmto	0
TOP.6981d7f2.00086f49	user_options->segment_size	33554432
TOP.6981d7f2.00086f49	user_options->self_test	1
TOP.6981d7f2.00086f49	user_options->slow_candidates	0
TOP.6981d7f2.00086f49	user_options->show	1
TOP.6981d7f2.00086f49	user_options->speed_only	0
TOP.6981d7f2.00086f49	user_options->spin_damp	0
TOP.6981d7f2.00086f49	user_options->status	0
TOP.6981d7f2.00086f49	user_options->status_json	0
TOP.6981d7f2.00086f49	user_options->status_timer	10
TOP.6981d7f2.00086f49	user_options->stdout_flag	0
TOP.6981d7f2.00086f49	user_options->usage	0
TOP.6981d7f2.00086f49	user_options->username	0
TOP.6981d7f2.00086f49	user_options->veracrypt_pim_start	485
TOP.6981d7f2.00086f49	user_options->veracrypt_pim_stop	485
TOP.6981d7f2.00086f49	user_options->version	0
TOP.6981d7f2.00086f49	user_options->workload_profile	2
TOP.6981d7f2.00086f49	user_options->brain_client	0
TOP.6981d7f2.00086f49	user_options->brain_client_features	2
TOP.6981d7f2.00086f49	user_options->brain_server	0
TOP.6981d7f2.00086f49	user_options->brain_server_timer	300
TOP.6981d7f2.00086f49	user_options->brain_port	6863
TOP.6981d7f2.00086f49	user_options->brain_session	0
TOP.6981d7f2.00086f49	proc_start	1770117106
TOP.6981d7f2.00086f49	proc_stop	1770117106
TOP.6981d7f2.00086f49	STOP
TOP.6981d802.000717f8	START
TOP.6981d802.000717f8	folder_config->cwd	/home/thales/hackattic/zip
TOP.6981d802.000717f8	folder_config->install_dir	/home/thales/hackattic/zip/hashcat-7.1.2
TOP.6981d802.000717f8	folder_config->profile_dir	/home/thales/hackattic/zip/hashcat-7.1.2
TOP.6981d802.000717f8	folder_config->session_dir	/home/thales/hackattic/zip/hashcat-7.1.2
TOP.6981d802.000717f8	folder_config->shared_dir	/home/thales/hackattic/zip/hashcat-7.1.2
TOP.6981d802.000717f8	user_options->encoding_from	utf-8
TOP.6981d802.000717f8	user_options->encoding_to	utf-8
TOP.6981d802.000717f8	user_options->rule_buf_l	:
TOP.6981d802.000717f8	user_options->rule_buf_r	:
TOP.6981d802.000717f8	user_options->session	show
TOP.6981d802.000717f8	user_options->separator	:
TOP.6981d802.000717f8	user_options->limit	0
TOP.6981d802.000717f8	user_options->skip	0
TOP.6981d802.000717f8	user_options->attack_mode	100
TOP.6981d802.000717f8	user_options->backend_devices_virtmulti	1
TOP.6981d802.000717f8	user_options->backend_devices_virthost	1
TOP.6981d802.000717f8	user_options->backend_devices_keepfree	0
TOP.6981d802.000717f8	user_options->benchmark	0
TOP.6981d802.000717f8	user_options->benchmark_all	0
TOP.6981d802.000717f8	user_options->benchmark_max	99999
TOP.6981d802.000717f8	user_options->benchmark_min	0
TOP.6981d802.000717f8	user_options->bitmap_max	18
TOP.6981d802.000717f8	user_options->bitmap_min	16
TOP.6981d802.000717f8	user_options->debug_mode	0
TOP.6981d802.000717f8	user_options->dynamic_x	0
TOP.6981d802.000717f8	user_options->hash_info	0
TOP.6981d802.000717f8	user_options->force	0
TOP.6981d802.000717f8	user_options->hwmon	1
TOP.6981d802.000717f8	user_options->hwmon_temp_abort	90
TOP.6981d802.000717f8	user_options->hash_mode	17225
TOP.6981d802.000717f8	user_options->hex_charset	0
TOP.6981d802.000717f8	user_options->hex_salt	0
TOP.6981d802.000717f8	user_options->hex_wordlist	0
TOP.6981d802.000717f8	user_options->hook_threads	0
TOP.6981d802.000717f8	user_options->identify	0
TOP.6981d802.000717f8	user_options->increment	0
TOP.6981d802.000717f8	user_options->increment_max	256
TOP.6981d802.000717f8	user_options->increment_min	1
TOP.6981d802.000717f8	user_options->keep_guessing	0
TOP.6981d802.000717f8	user_options->kernel_accel	0
TOP.6981d802.000717f8	user_options->kernel_loops	0
TOP.6981d802.000717f8	user_options->kernel_threads	0
TOP.6981d802.000717f8	user_options->keyspace	0
TOP.6981d802.000717f8	user_options->total_candidates	0
TOP.6981d802.000717f8	user_options->left	0
TOP.6981d802.000717f8	user_options->logfile	1
TOP.6981d802.000717f8	user_options->loopback	0
TOP.6981d802.000717f8	user_options->machine_readable	0
TOP.6981d802.000717f8	user_options->markov_classic	0
TOP.6981d802.000717f8	user_options->markov	1
TOP.6981d802.000717f8	user_options->markov_inverse	0
TOP.6981d802.000717f8	user_options->markov_threshold	256
TOP.6981d802.000717f8	user_options->metal_compiler_runtime	120
TOP.6981d802.000717f8	user_options->multiply_accel	1
TOP.6981d802.000717f8	user_options->backend_info	0
TOP.6981d802.000717f8	user_options->backend_vector_width	0
TOP.6981d802.000717f8	user_options->optimized_kernel	0
TOP.6981d802.000717f8	user_options->outfile_autohex	1
TOP.6981d802.000717f8	user_options->outfile_check_timer	5
TOP.6981d802.000717f8	user_options->outfile_format	2
TOP.6981d802.000717f8	user_options->outfile_json	0
TOP.6981d802.000717f8	user_options->wordlist_autohex	1
TOP.6981d802.000717f8	user_options->potfile	1
TOP.6981d802.000717f8	user_options->progress_only	0
TOP.6981d802.000717f8	user_options->quiet	1
TOP.6981d802.000717f8	user_options->remove	0
TOP.6981d802.000717f8	user_options->remove_timer	60
TOP.6981d802.000717f8	user_options->restore	0
TOP.6981d802.000717f8	user_options->restore_enable	0
TOP.6981d802.000717f8	user_options->restore_timer	1
TOP.6981d802.000717f8	user_options->rp_files_cnt	0
TOP.6981d802.000717f8	user_options->rp_gen	0
TOP.6981d802.000717f8	user_options->rp_gen_func_max	4
TOP.6981d802.000717f8	user_options->rp_gen_func_min	1
TOP.6981d802.000717f8	user_options->rp_gen_seed	0
TOP.6981d802.000717f8	user_options->runtime	0
TOP.6981d802.000717f8	user_options->scrypt_tmto	0
TOP.6981d802.000717f8	user_options->segment_size	33554432
TOP.6981d802.000717f8	user_options->self_test	1
TOP.6981d802.000717f8	user_options->slow_candidates	0
TOP.6981d802.000717f8	user_options->show	1
TOP.6981d802.000717f8	user_options->speed_only	0
TOP.6981d802.000717f8	user_options->spin_damp	0
TOP.6981d802.000717f8	user_options->status	0
TOP.6981d802.000717f8	user_options->status_json	0
TOP.6981d802.000717f8	user_options->status_timer	10
TOP.6981d802.000717f8	user_options->stdout_flag	0
TOP.6981d802.000717f8	user_options->usage	0
TOP.6981d802.000717f8	user_options->username	0
TOP.6981d802.000717f8	user_options->veracrypt_pim_start	485
TOP.6981d802.000717f8	user_options->veracrypt_pim_stop	485
TOP.6981d802.000717f8	user_options->version	0
TOP.6981d802.000717f8	user_options->workload_profile	2
TOP.6981d802.000717f8	user_options->brain_client	0
TOP.6981d802.000717f8	user_options->brain_client_features	2
TOP.6981d802.000717f8	user_options->brain_server	0
TOP.6981d802.000717f8	user_options->brain_server_timer	300
TOP.6981d802.000717f8	user_options->brain_port	6863
TOP.6981d802.000717f8	user_options->brain_session	0
TOP.6981d802.000717f8	proc_start	1770117122
TOP.6981d802.000717f8	proc_stop	1770117122
TOP.6981d802.000717f8	STOP
TOP.6981d8cb.000c2005	START
TOP.6981d8cb.000c2005	folder_config->cwd	/home/thales/hackattic/zip
TOP.6981d8cb.000c2005	folder_config->install_dir	/home/thales/hackattic/zip/hashcat-7.1.2
TOP.6981d8cb.000c2005	folder_config->profile_dir	/home/thales/hackattic/zip/hashcat-7.1.2
TOP.6981d8cb.000c2005	folder_config->session_dir	/home/thales/hackattic/zip/hashcat-7.1.2
TOP.6981d8cb.000c2005	folder_config->shared_dir	/home/thales/hackattic/zip/hashcat-7.1.2
TOP.6981d8cb.000c2005	user_options->encoding_from	utf-8
TOP.6981d8cb.000c2005	user_options->encoding_to	utf-8
TOP.6981d8cb.000c2005	user_options->rule_buf_l	:
TOP.6981d8cb.000c2005	user_options->rule_buf_r	:
TOP.6981d8cb.000c2005	user_options->session	show
TOP.6981d8cb.000c2005	user_options->separator	:
TOP.6981d8cb.000c2005	user_options->limit	0
TOP.6981d8cb.000c2005	user_options->skip	0
TOP.6981d8cb.000c2005	user_options->attack_mode	100
TOP.6981d8cb.000c2005	user_options->backend_devices_virtmulti	1
TOP.6981d8cb.000c2005	user_options->backend_devices_virthost	1
TOP.6981d8cb.000c2005	user_options->backend_devices_keepfree	0
TOP.6981d8cb.000c2005	user_options->benchmark	0
TOP.6981d8cb.000c2005	user_options->benchmark_all	0
TOP.6981d8cb.000c2005	user_options->benchmark_max	99999
TOP.6981d8cb.000c2005	user_options->benchmark_min	0
TOP.6981d8cb.000c2005	user_options->bitmap_max	18
TOP.6981d8cb.000c2005	user_options->bitmap_min	16
TOP.6981d8cb.000c2005	user_options->debug_mode	0
TOP.6981d8cb.000c2005	user_options->dynamic_x	0
TOP.6981d8cb.000c2005	user_options->hash_info	0
TOP.6981d8cb.000c2005	user_options->force	0
TOP.6981d8cb.000c2005	user_options->hwmon	1
TOP.6981d8cb.000c2005	user_options->hwmon_temp_abort	90
TOP.6981d8cb.000c2005	user_options->hash_mode	17225
TOP.6981d8cb.000c2005	user_options->hex_charset	0
TOP.6981d8cb.000c2005	user_options->hex_salt	0
TOP.6981d8cb.000c2005	user_options->hex_wordlist	0
TOP.6981d8cb.000c2005	user_options->hook_threads	0
TOP.6981d8cb.000c2005	user_options->identify	0
TOP.6981d8cb.000c2005	user_options->increment	0
TOP.6981d8cb.000c2005	user_options->increment_max	256
TOP.6981d8cb.000c2005	user_options->increment_min	1
TOP.6981d8cb.000c2005	user_options->keep_guessing	0
TOP.6981d8cb.000c2005	user_options->kernel_accel	0
TOP.6981d8cb.000c2005	user_options->kernel_loops	0
TOP.6981d8cb.000c2005	user_options->kernel_threads	0
TOP.6981d8cb.000c2005	user_options->keyspace	0
TOP.6981d8cb.000c2005	user_options->total_candidates	0
TOP.6981d8cb.000c2005	user_options->left	0
TOP.6981d8cb.000c2005	user_options->logfile	1
TOP.6981d8cb.000c2005	user_options->loopback	0
TOP.6981d8cb.000c2005	user_options->machine_readable	0
TOP.6981d8cb.000c2005	user_options->markov_classic	0
TOP.6981d8cb.000c2005	user_options->markov	1
TOP.6981d8cb.000c2005	user_options->markov_inverse	0
TOP.6981d8cb.000c2005	user_options->markov_threshold	256
TOP.6981d8cb.000c2005	user_options->metal_compiler_runtime	120
TOP.6981d8cb.000c2005	user_options->multiply_accel	1
TOP.6981d8cb.000c2005	user_options->backend_info	0
TOP.6981d8cb.000c2005	user_options->backend_vector_width	0
TOP.6981d8cb.000c2005	user_options->optimized_kernel	0
TOP.6981d8cb.000c2005	user_options->outfile_autohex	1
TOP.6981d8cb.000c2005	user_options->outfile_check_timer	5
TOP.6981d8cb.000c2005	user_options->outfile_format	2
TOP.6981d8cb.000c2005	user_options->outfile_json	0
TOP.6981d8cb.000c2005	user_options->wordlist_autohex	1
TOP.6981d8cb.000c2005	user_options->potfile	1
TOP.6981d8cb.000c2005	user_options->progress_only	0
TOP.6981d8cb.000c2005	user_options->quiet	1
TOP.6981d8cb.000c2005	user_options->remove	0
TOP.6981d8cb.000c2005	user_options->remove_timer	60
TOP.6981d8cb.000c2005	user_options->restore	0
TOP.6981d8cb.000c2005	user_options->restore_enable	0
TOP.6981d8cb.000c2005	user_options->restore_timer	1
TOP.6981d8cb.000c2005	user_options->rp_files_cnt	0
TOP.6981d8cb.000c2005	user_options->rp_gen	0
TOP.6981d8cb.000c2005	user_options->rp_gen_func_max	4
TOP.6981d8cb.000c2005	user_options->rp_gen_func_min	1
TOP.6981d8cb.000c2005	user_options->rp_gen_seed	0
TOP.6981d8cb.000c2005	user_options->runtime	0
TOP.6981d8cb.000c2005	user_options->scrypt_tmto	0
TOP.6981d8cb.000c2005	user_options->segment_size	33554432
TOP.6981d8cb.000c2005	user_options->self_test	1
TOP.6981d8cb.000c2005	user_options->slow_candidates	0
TOP.6981d8cb.000c2005	user_options->show	1
TOP.6981d8cb.000c2005	user_options->speed_only	0
TOP.6981d8cb.000c2005	user_options->spin_damp	0
TOP.6981d8cb.000c2005	user_options->status	0
TOP.6981d8cb.000c2005	user_options->status_json	0
TOP.6981d8cb.000c2005	user_options->status_timer	10
TOP.6981d8cb.000c2005	user_options->stdout_flag	0
TOP.6981d8cb.000c2005	user_options->usage	0
TOP.6981d8cb.000c2005	user_options->username	0
TOP.6981d8cb.000c2005	user_options->veracrypt_pim_start	485
TOP.6981d8cb.000c2005	user_options->veracrypt_pim_stop	485
TOP.6981d8cb.000c2005	user_options->version	0
TOP.6981d8cb.000c2005	user_options->workload_profile	2
TOP.6981d8cb.000c2005	user_options->brain_client	0
TOP.6981d8cb.000c2005	user_options->brain_client_features	2
TOP.6981d8cb.000c2005	user_options->brain_server	0
TOP.6981d8cb.000c2005	user_options->brain_server_timer	300
TOP.6981d8cb.000c2005	user_options->brain_port	6863
TOP.6981d8cb.000c2005	user_options->brain_session	0
TOP.6981d8cb.000c2005	proc_start	1770117323
TOP.6981d8cb.000c2005	proc_stop	1770117323
TOP.6981d8cb.000c2005	STOP
TOP.6981d8dc.000003db	START
TOP.6981d8dc.000003db	folder_config->cwd	/home/thales/hackattic/zip
TOP.6981d8dc.000003db	folder_config->install_dir	/home/thales/hackattic/zip/hashcat-7.1.2
TOP.6981d8dc.000003db	folder_config->profile_dir	/home/thales/hackattic/zip/hashcat-7.1.2
TOP.6981d8dc.000003db	folder_config->session_dir	/home/thales/hackattic/zip/hashcat-7.1.2
TOP.6981d8dc.000003db	folder_config->shared_dir	/home/thales/hackattic/zip/hashcat-7.1.2
TOP.6981d8dc.000003db	user_options->encoding_from	utf-8
TOP.6981d8dc.000003db	user_options->encoding_to	utf-8
TOP.6981d8dc.000003db	user_options->rule_buf_l	:
TOP.6981d8dc.000003db	user_options->rule_buf_r	:
TOP.6981d8dc.000003db	user_options->session	show
TOP.6981d8dc.000003db	user_options->separator	:
TOP.6981d8dc.000003db	user_options->limit	0
TOP.6981d8dc.000003db	user_options->skip	0
TOP.6981d8dc.000003db	user_options->attack_mode	100
TOP.6981d8dc.000003db	user_options->backend_devices_virtmulti	1
TOP.6981d8dc.000003db	user_options->backend_devices_virthost	1
TOP.6981d8dc.000003db	user_options->backend_devices_keepfree	0
TOP.6981d8dc.000003db	user_options->benchmark	0
TOP.6981d8dc.000003db	user_options->benchmark_all	0
TOP.6981d8dc.000003db	user_options->benchmark_max	99999
TOP.6981d8dc.000003db	user_options->benchmark_min	0
TOP.6981d8dc.000003db	user_options->bitmap_max	18
TOP.6981d8dc.000003db	user_options->bitmap_min	16
TOP.6981d8dc.000003db	user_options->debug_mode	0
TOP.6981d8dc.000003db	user_options->dynamic_x	0
TOP.6981d8dc.000003db	user_options->hash_info	0
TOP.6981d8dc.000003db	user_options->force	0
TOP.6981d8dc.000003db	user_options->hwmon	1
TOP.6981d8dc.000003db	user_options->hwmon_temp_abort	90
TOP.6981d8dc.000003db	user_options->hash_mode	17225
TOP.6981d8dc.000003db	user_options->hex_charset	0
TOP.6981d8dc.000003db	user_options->hex_salt	0
TOP.6981d8dc.000003db	user_options->hex_wordlist	0
TOP.6981d8dc.000003db	user_options->hook_threads	0
TOP.6981d8dc.000003db	user_options->identify	0
TOP.6981d8dc.000003db	user_options->increment	0
TOP.6981d8dc.000003db	user_options->increment_max	256
TOP.6981d8dc.000003db	user_options->increment_min	1
TOP.6981d8dc.000003db	user_options->keep_guessing	0
TOP.6981d8dc.000003db	user_options->kernel_accel	0
TOP.6981d8dc.000003db	user_options->kernel_loops	0
TOP.6981d8dc.000003db	user_options->kernel_threads	0
TOP.6981d8dc.000003db	user_options->keyspace	0
TOP.6981d8dc.000003db	user_options->total_candidates	0
TOP.6981d8dc.000003db	user_options->left	0
TOP.6981d8dc.000003db	user_options->logfile	1
TOP.6981d8dc.000003db	user_options->loopback	0
TOP.6981d8dc.000003db	user_options->machine_readable	0
TOP.6981d8dc.000003db	user_options->markov_classic	0
TOP.6981d8dc.000003db	user_options->markov	1
TOP.6981d8dc.000003db	user_options->markov_inverse	0
TOP.6981d8dc.000003db	user_options->markov_threshold	256
TOP.6981d8dc.000003db	user_options->metal_compiler_runtime	120
TOP.6981d8dc.000003db	user_options->multiply_accel	1
TOP.6981d8dc.000003db	user_options->backend_info	0
TOP.6981d8dc.000003db	user_options->backend_vector_width	0
TOP.6981d8dc.000003db	user_options->optimized_kernel	0
TOP.6981d8dc.000003db	user_options->outfile_autohex	1
TOP.6981d8dc.000003db	user_options->outfile_check_timer	5
TOP.6981d8dc.000003db	user_options->outfile_format	2
TOP.6981d8dc.000003db	user_options->outfile_json	0
TOP.6981d8dc.000003db	user_options->wordlist_autohex	1
TOP.6981d8dc.000003db	user_options->potfile	1
TOP.6981d8dc.000003db	user_options->progress_only	0
TOP.6981d8dc.000003db	user_options->quiet	1
TOP.6981d8dc.000003db	user_options->remove	0
TOP.6981d8dc.000003db	user_options->remove_timer	60
TOP.6981d8dc.000003db	user_options->restore	0
TOP.6981d8dc.000003db	user_options->restore_enable	0
TOP.6981d8dc.000003db	user_options->restore_timer	1
TOP.6981d8dc.000003db	user_options->rp_files_cnt	0
TOP.6981d8dc.000003db	user_options->rp_gen	0
TOP.6981d8dc.000003db	user_options->rp_gen_func_max	4
TOP.6981d8dc.000003db	user_options->rp_gen_func_min	1
TOP.6981d8dc.000003db	user_options->rp_gen_seed	0
TOP.6981d8dc.000003db	user_options->runtime	0
TOP.6981d8dc.000003db	user_options->scrypt_tmto	0
TOP.6981d8dc.000003db	user_options->segment_size	33554432
TOP.6981d8dc.000003db	user_options->self_test	1
TOP.6981d8dc.000003db	user_options->slow_candidates	0
TOP.6981d8dc.000003db	user_options->show	1
TOP.6981d8dc.000003db	user_options->speed_only	0
TOP.6981d8dc.000003db	user_options->spin_damp	0
TOP.6981d8dc.000003db	user_options->status	0
TOP.6981d8dc.000003db	user_options->status_json	0
TOP.6981d8dc.000003db	user_options->status_timer	10
TOP.6981d8dc.000003db	user_options->stdout_flag	0
TOP.6981d8dc.000003db	user_options->usage	0
TOP.6981d8dc.000003db	user_options->username	0
TOP.6981d8dc.000003db	user_options->veracrypt_pim_start	485
TOP.6981d8dc.000003db	user_options->veracrypt_pim_stop	485
TOP.6981d8dc.000003db	user_options->version	0
TOP.6981d8dc.000003db	user_options->workload_profile	2
TOP.6981d8dc.000003db	user_options->brain_client	0
TOP.6981d8dc.000003db	user_options->brain_client_features	2
TOP.6981d8dc.000003db	user_options->brain_server	0
TOP.6981d8dc.000003db	user_options->brain_server_timer	300
TOP.6981d8dc.000003db	user_options->brain_port	6863
TOP.6981d8dc.000003db	user_options->brain_session	0
TOP.6981d8dc.000003db	proc_start	1770117339
TOP.6981d8dc.000003db	proc_stop	1770117340
TOP.6981d8dc.000003db	STOP
TOP.6981d947.00057769	START
TOP.6981d947.00057769	folder_config->cwd	/home/thales/hackattic/zip
TOP.6981d947.00057769	folder_config->install_dir	/home/thales/hackattic/zip/hashcat-7.1.2
TOP.6981d947.00057769	folder_config->profile_dir	/home/thales/hackattic/zip/hashcat-7.1.2
TOP.6981d947.00057769	folder_config->session_dir	/home/thales/hackattic/zip/hashcat-7.1.2
TOP.6981d947.00057769	folder_config->shared_dir	/home/thales/hackattic/zip/hashcat-7.1.2
TOP.6981d947.00057769	user_options->encoding_from	utf-8
TOP.6981d947.00057769	user_options->encoding_to	utf-8
TOP.6981d947.00057769	user_options->rule_buf_l	:
TOP.6981d947.00057769	user_options->rule_buf_r	:
TOP.6981d947.00057769	user_options->session	show
TOP.6981d947.00057769	user_options->separator	:
TOP.6981d947.00057769	user_options->limit	0
TOP.6981d947.00057769	user_options->skip	0
TOP.6981d947.00057769	user_options->attack_mode	100
TOP.6981d947.00057769	user_options->backend_devices_virtmulti	1
TOP.6981d947.00057769	user_options->backend_devices_virthost	1
TOP.6981d947.00057769	user_options->backend_devices_keepfree	0
TOP.6981d947.00057769	user_options->benchmark	0
TOP.6981d947.00057769	user_options->benchmark_all	0
TOP.6981d947.00057769	user_options->benchmark_max	99999
TOP.6981d947.00057769	user_options->benchmark_min	0
TOP.6981d947.00057769	user_options->bitmap_max	18
TOP.6981d947.00057769	user_options->bitmap_min	16
TOP.6981d947.00057769	user_options->debug_mode	0
TOP.6981d947.00057769	user_options->dynamic_x	0
TOP.6981d947.00057769	user_options->hash_info	0
TOP.6981d947.00057769	user_options->force	0
TOP.6981d947.00057769	user_options->hwmon	1
TOP.6981d947.00057769	user_options->hwmon_temp_abort	90
TOP.6981d947.00057769	user_options->hash_mode	17225
TOP.6981d947.00057769	user_options->hex_charset	0
TOP.6981d947.00057769	user_options->hex_salt	0
TOP.6981d947.00057769	user_options->hex_wordlist	0
TOP.6981d947.00057769	user_options->hook_threads	0
TOP.6981d947.00057769	user_options->identify	0
TOP.6981d947.00057769	user_options->increment	0
TOP.6981d947.00057769	user_options->increment_max	256
TOP.6981d947.00057769	user_options->increment_min	1
TOP.6981d947.00057769	user_options->keep_guessing	0
TOP.6981d947.00057769	user_options->kernel_accel	0
TOP.6981d947.00057769	user_options->kernel_loops	0
TOP.6981d947.00057769	user_options->kernel_threads	0
TOP.6981d947.00057769	user_options->keyspace	0
TOP.6981d947.00057769	user_options->total_candidates	0
TOP.6981d947.00057769	user_options->left	0
TOP.6981d947.00057769	user_options->logfile	1
TOP.6981d947.00057769	user_options->loopback	0
TOP.6981d947.00057769	user_options->machine_readable	0
TOP.6981d947.00057769	user_options->markov_classic	0
TOP.6981d947.00057769	user_options->markov	1
TOP.6981d947.00057769	user_options->markov_inverse	0
TOP.6981d947.00057769	user_options->markov_threshold	256
TOP.6981d947.00057769	user_options->metal_compiler_runtime	120
TOP.6981d947.00057769	user_options->multiply_accel	1
TOP.6981d947.00057769	user_options->backend_info	0
TOP.6981d947.00057769	user_options->backend_vector_width	0
TOP.6981d947.00057769	user_options->optimized_kernel	0
TOP.6981d947.00057769	user_options->outfile_autohex	1
TOP.6981d947.00057769	user_options->outfile_check_timer	5
TOP.6981d947.00057769	user_options->outfile_format	2
TOP.6981d947.00057769	user_options->outfile_json	0
TOP.6981d947.00057769	user_options->wordlist_autohex	1
TOP.6981d947.00057769	user_options->potfile	1
TOP.6981d947.00057769	user_options->progress_only	0
TOP.6981d947.00057769	user_options->quiet	1
TOP.6981d947.00057769	user_options->remove	0
TOP.6981d947.00057769	user_options->remove_timer	60
TOP.6981d947.00057769	user_options->restore	0
TOP.6981d947.00057769	user_options->restore_enable	0
TOP.6981d947.00057769	user_options->restore_timer	1
TOP.6981d947.00057769	user_options->rp_files_cnt	0
TOP.6981d947.00057769	user_options->rp_gen	0
TOP.6981d947.00057769	user_options->rp_gen_func_max	4
TOP.6981d947.00057769	user_options->rp_gen_func_min	1
TOP.6981d947.00057769	user_options->rp_gen_seed	0
TOP.6981d947.00057769	user_options->runtime	0
TOP.6981d947.00057769	user_options->scrypt_tmto	0
TOP.6981d947.00057769	user_options->segment_size	33554432
TOP.6981d947.00057769	user_options->self_test	1
TOP.6981d947.00057769	user_options->slow_candidates	0
TOP.6981d947.00057769	user_options->show	1
TOP.6981d947.00057769	user_options->speed_only	0
TOP.6981d947.00057769	user_options->spin_damp	0
TOP.6981d947.00057769	user_options->status	0
TOP.6981d947.00057769	user_options->status_json	0
TOP.6981d947.00057769	user_options->status_timer	10
TOP.6981d947.00057769	user_options->stdout_flag	0
TOP.6981d947.00057769	user_options->usage	0
TOP.6981d947.00057769	user_options->username	0
TOP.6981d947.00057769	user_options->veracrypt_pim_start	485
TOP.6981d947.00057769	user_options->veracrypt_pim_stop	485
TOP.6981d947.00057769	user_options->version	0
TOP.6981d947.00057769	user_options->workload_profile	2
TOP.6981d947.00057769	user_options->brain_client	0
TOP.6981d947.00057769	user_options->brain_client_features	2
TOP.6981d947.00057769	user_options->brain_server	0
TOP.6981d947.00057769	user_options->brain_server_timer	300
TOP.6981d947.00057769	user_options->brain_port	6863
TOP.6981d947.00057769	user_options->brain_session	0
TOP.6981d947.00057769	proc_start	1770117447
TOP.6981d947.00057769	proc_stop	1770117447
TOP.6981d947.00057769	STOP
TOP.6981d957.000391bb	START
TOP.6981d957.000391bb	folder_config->cwd	/home/thales/hackattic/zip
TOP.6981d957.000391bb	folder_config->install_dir	/home/thales/hackattic/zip/hashcat-7.1.2
TOP.6981d957.000391bb	folder_config->profile_dir	/home/thales/hackattic/zip/hashcat-7.1.2
TOP.6981d957.000391bb	folder_config->session_dir	/home/thales/hackattic/zip/hashcat-7.1.2
TOP.6981d957.000391bb	folder_config->shared_dir	/home/thales/hackattic/zip/hashcat-7.1.2
TOP.6981d957.000391bb	user_options->encoding_from	utf-8
TOP.6981d957.000391bb	user_options->encoding_to	utf-8
TOP.6981d957.000391bb	user_options->rule_buf_l	:
TOP.6981d957.000391bb	user_options->rule_buf_r	:
TOP.6981d957.000391bb	user_options->session	show
TOP.6981d957.000391bb	user_options->separator	:
TOP.6981d957.000391bb	user_options->limit	0
TOP.6981d957.000391bb	user_options->skip	0
TOP.6981d957.000391bb	user_options->attack_mode	100
TOP.6981d957.000391bb	user_options->backend_devices_virtmulti	1
TOP.6981d957.000391bb	user_options->backend_devices_virthost	1
TOP.6981d957.000391bb	user_options->backend_devices_keepfree	0
TOP.6981d957.000391bb	user_options->benchmark	0
TOP.6981d957.000391bb	user_options->benchmark_all	0
TOP.6981d957.000391bb	user_options->benchmark_max	99999
TOP.6981d957.000391bb	user_options->benchmark_min	0
TOP.6981d957.000391bb	user_options->bitmap_max	18
TOP.6981d957.000391bb	user_options->bitmap_min	16
TOP.6981d957.000391bb	user_options->debug_mode	0
TOP.6981d957.000391bb	user_options->dynamic_x	0
TOP.6981d957.000391bb	user_options->hash_info	0
TOP.6981d957.000391bb	user_options->force	0
TOP.6981d957.000391bb	user_options->hwmon	1
TOP.6981d957.000391bb	user_options->hwmon_temp_abort	90
TOP.6981d957.000391bb	user_options->hash_mode	17225
TOP.6981d957.000391bb	user_options->hex_charset	0
TOP.6981d957.000391bb	user_options->hex_salt	0
TOP.6981d957.000391bb	user_options->hex_wordlist	0
TOP.6981d957.000391bb	user_options->hook_threads	0
TOP.6981d957.000391bb	user_options->identify	0
TOP.6981d957.000391bb	user_options->increment	0
TOP.6981d957.000391bb	user_options->increment_max	256
TOP.6981d957.000391bb	user_options->increment_min	1
TOP.6981d957.000391bb	user_options->keep_guessing	0
TOP.6981d957.000391bb	user_options->kernel_accel	0
TOP.6981d957.000391bb	user_options->kernel_loops	0
TOP.6981d957.000391bb	user_options->kernel_threads	0
TOP.6981d957.000391bb	user_options->keyspace	0
TOP.6981d957.000391bb	user_options->total_candidates	0
TOP.6981d957.000391bb	user_options->left	0
TOP.6981d957.000391bb	user_options->logfile	1
TOP.6981d957.000391bb	user_options->loopback	0
TOP.6981d957.000391bb	user_options->machine_readable	0
TOP.6981d957.000391bb	user_options->markov_classic	0
TOP.6981d957.000391bb	user_options->markov	1
TOP.6981d957.000391bb	user_options->markov_inverse	0
TOP.6981d957.000391bb	user_options->markov_threshold	256
TOP.6981d957.000391bb	user_options->metal_compiler_runtime	120
TOP.6981d957.000391bb	user_options->multiply_accel	1
TOP.6981d957.000391bb	user_options->backend_info	0
TOP.6981d957.000391bb	user_options->backend_vector_width	0
TOP.6981d957.000391bb	user_options->optimized_kernel	0
TOP.6981d957.000391bb	user_options->outfile_autohex	1
TOP.6981d957.000391bb	user_options->outfile_check_timer	5
TOP.6981d957.000391bb	user_options->outfile_format	2
TOP.6981d957.000391bb	user_options->outfile_json	0
TOP.6981d957.000391bb	user_options->wordlist_autohex	1
TOP.6981d957.000391bb	user_options->potfile	1
TOP.6981d957.000391bb	user_options->progress_only	0
TOP.6981d957.000391bb	user_options->quiet	1
TOP.6981d957.000391bb	user_options->remove	0
TOP.6981d957.000391bb	user_options->remove_timer	60
TOP.6981d957.000391bb	user_options->restore	0
TOP.6981d957.000391bb	user_options->restore_enable	0
TOP.6981d957.000391bb	user_options->restore_timer	1
TOP.6981d957.000391bb	user_options->rp_files_cnt	0
TOP.6981d957.000391bb	user_options->rp_gen	0
TOP.6981d957.000391bb	user_options->rp_gen_func_max	4
TOP.6981d957.000391bb	user_options->rp_gen_func_min	1
TOP.6981d957.000391bb	user_options->rp_gen_seed	0
TOP.6981d957.000391bb	user_options->runtime	0
TOP.6981d957.000391bb	user_options->scrypt_tmto	0
TOP.6981d957.000391bb	user_options->segment_size	33554432
TOP.6981d957.000391bb	user_options->self_test	1
TOP.6981d957.000391bb	user_options->slow_candidates	0
TOP.6981d957.000391bb	user_options->show	1
TOP.6981d957.000391bb	user_options->speed_only	0
TOP.6981d957.000391bb	user_options->spin_damp	0
TOP.6981d957.000391bb	user_options->status	0
TOP.6981d957.000391bb	user_options->status_json	0
TOP.6981d957.000391bb	user_options->status_timer	10
TOP.6981d957.000391bb	user_options->stdout_flag	0
TOP.6981d957.000391bb	user_options->usage	0
TOP.6981d957.000391bb	user_options->username	0
TOP.6981d957.000391bb	user_options->veracrypt_pim_start	485
TOP.6981d957.000391bb	user_options->veracrypt_pim_stop	485
TOP.6981d957.000391bb	user_options->version	0
TOP.6981d957.000391bb	user_options->workload_profile	2
TOP.6981d957.000391bb	user_options->brain_client	0
TOP.6981d957.000391bb	user_options->brain_client_features	2
TOP.6981d957.000391bb	user_options->brain_server	0
TOP.6981d957.000391bb	user_options->brain_server_timer	300
TOP.6981d957.000391bb	user_options->brain_port	6863
TOP.6981d957.000391bb	user_options->brain_session	0
TOP.6981d957.000391bb	proc_start	1770117463
TOP.6981d957.000391bb	proc_stop	1770117463
TOP.6981d957.000391bb	STOP
TOP.6981d9c7.000f12c8	START
TOP.6981d9c7.000f12c8	folder_config->cwd	/home/thales/hackattic/zip
TOP.6981d9c7.000f12c8	folder_config->install_dir	/home/thales/hackattic/zip/hashcat-7.1.2
TOP.6981d9c7.000f12c8	folder_config->profile_dir	/home/thales/hackattic/zip/hashcat-7.1.2
TOP.6981d9c7.000f12c8	folder_config->session_dir	/home/thales/hackattic/zip/hashcat-7.1.2
TOP.6981d9c7.000f12c8	folder_config->shared_dir	/home/thales/hackattic/zip/hashcat-7.1.2
TOP.6981d9c7.000f12c8	user_options->encoding_from	utf-8
TOP.6981d9c7.000f12c8	user_options->encoding_to	utf-8
TOP.6981d9c7.000f12c8	user_options->rule_buf_l	:
TOP.6981d9c7.000f12c8	user_options->rule_buf_r	:
TOP.6981d9c7.000f12c8	user_options->session	show
TOP.6981d9c7.000f12c8	user_options->separator	:
TOP.6981d9c7.000f12c8	user_options->limit	0
TOP.6981d9c7.000f12c8	user_options->skip	0
TOP.6981d9c7.000f12c8	user_options->attack_mode	100
TOP.6981d9c7.000f12c8	user_options->backend_devices_virtmulti	1
TOP.6981d9c7.000f12c8	user_options->backend_devices_virthost	1
TOP.6981d9c7.000f12c8	user_options->backend_devices_keepfree	0
TOP.6981d9c7.000f12c8	user_options->benchmark	0
TOP.6981d9c7.000f12c8	user_options->benchmark_all	0
TOP.6981d9c7.000f12c8	user_options->benchmark_max	99999
TOP.6981d9c7.000f12c8	user_options->benchmark_min	0
TOP.6981d9c7.000f12c8	user_options->bitmap_max	18
TOP.6981d9c7.000f12c8	user_options->bitmap_min	16
TOP.6981d9c7.000f12c8	user_options->debug_mode	0
TOP.6981d9c7.000f12c8	user_options->dynamic_x	0
TOP.6981d9c7.000f12c8	user_options->hash_info	0
TOP.6981d9c7.000f12c8	user_options->force	0
TOP.6981d9c7.000f12c8	user_options->hwmon	1
TOP.6981d9c7.000f12c8	user_options->hwmon_temp_abort	90
TOP.6981d9c7.000f12c8	user_options->hash_mode	17225
TOP.6981d9c7.000f12c8	user_options->hex_charset	0
TOP.6981d9c7.000f12c8	user_options->hex_salt	0
TOP.6981d9c7.000f12c8	user_options->hex_wordlist	0
TOP.6981d9c7.000f12c8	user_options->hook_threads	0
TOP.6981d9c7.000f12c8	user_options->identify	0
TOP.6981d9c7.000f12c8	user_options->increment	0
TOP.6981d9c7.000f12c8	user_options->increment_max	256
TOP.6981d9c7.000f12c8	user_options->increment_min	1
TOP.6981d9c7.000f12c8	user_options->keep_guessing	0
TOP.6981d9c7.000f12c8	user_options->kernel_accel	0
TOP.6981d9c7.000f12c8	user_options->kernel_loops	0
TOP.6981d9c7.000f12c8	user_options->kernel_threads	0
TOP.6981d9c7.000f12c8	user_options->keyspace	0
TOP.6981d9c7.000f12c8	user_options->total_candidates	0
TOP.6981d9c7.000f12c8	user_options->left	0
TOP.6981d9c7.000f12c8	user_options->logfile	1
TOP.6981d9c7.000f12c8	user_options->loopback	0
TOP.6981d9c7.000f12c8	user_options->machine_readable	0
TOP.6981d9c7.000f12c8	user_options->markov_classic	0
TOP.6981d9c7.000f12c8	user_options->markov	1
TOP.6981d9c7.000f12c8	user_options->markov_inverse	0
TOP.6981d9c7.000f12c8	user_options->markov_threshold	256
TOP.6981d9c7.000f12c8	user_options->metal_compiler_runtime	120
TOP.6981d9c7.000f12c8	user_options->multiply_accel	1
TOP.6981d9c7.000f12c8	user_options->backend_info	0
TOP.6981d9c7.000f12c8	user_options->backend_vector_width	0
TOP.6981d9c7.000f12c8	user_options->optimized_kernel	0
TOP.6981d9c7.000f12c8	user_options->outfile_autohex	1
TOP.6981d9c7.000f12c8	user_options->outfile_check_timer	5
TOP.6981d9c7.000f12c8	user_options->outfile_format	2
TOP.6981d9c7.000f12c8	user_options->outfile_json	0
TOP.6981d9c7.000f12c8	user_options->wordlist_autohex	1
TOP.6981d9c7.000f12c8	user_options->potfile	1
TOP.6981d9c7.000f12c8	user_options->progress_only	0
TOP.6981d9c7.000f12c8	user_options->quiet	1
TOP.6981d9c7.000f12c8	user_options->remove	0
TOP.6981d9c7.000f12c8	user_options->remove_timer	60
TOP.6981d9c7.000f12c8	user_options->restore	0
TOP.6981d9c7.000f12c8	user_options->restore_enable	0
TOP.6981d9c7.000f12c8	user_options->restore_timer	1
TOP.6981d9c7.000f12c8	user_options->rp_files_cnt	0
TOP.6981d9c7.000f12c8	user_options->rp_gen	0
TOP.6981d9c7.000f12c8	user_options->rp_gen_func_max	4
TOP.6981d9c7.000f12c8	user_options->rp_gen_func_min	1
TOP.6981d9c7.000f12c8	user_options->rp_gen_seed	0
TOP.6981d9c7.000f12c8	user_options->runtime	0
TOP.6981d9c7.000f12c8	user_options->scrypt_tmto	0
TOP.6981d9c7.000f12c8	user_options->segment_size	33554432
TOP.6981d9c7.000f12c8	user_options->self_test	1
TOP.6981d9c7.000f12c8	user_options->slow_candidates	0
TOP.6981d9c7.000f12c8	user_options->show	1
TOP.6981d9c7.000f12c8	user_options->speed_only	0
TOP.6981d9c7.000f12c8	user_options->spin_damp	0
TOP.6981d9c7.000f12c8	user_options->status	0
TOP.6981d9c7.000f12c8	user_options->status_json	0
TOP.6981d9c7.000f12c8	user_options->status_timer	10
TOP.6981d9c7.000f12c8	user_options->stdout_flag	0
TOP.6981d9c7.000f12c8	user_options->usage	0
TOP.6981d9c7.000f12c8	user_options->username	0
TOP.6981d9c7.000f12c8	user_options->veracrypt_pim_start	485
TOP.6981d9c7.000f12c8	user_options->veracrypt_pim_stop	485
TOP.6981d9c7.000f12c8	user_options->version	0
TOP.6981d9c7.000f12c8	user_options->workload_profile	2
TOP.6981d9c7.000f12c8	user_options->brain_client	0
TOP.6981d9c7.000f12c8	user_options->brain_client_features	2
TOP.6981d9c7.000f12c8	user_options->brain_server	0
TOP.6981d9c7.000f12c8	user_options->brain_server_timer	300
TOP.6981d9c7.000f12c8	user_options->brain_port	6863
TOP.6981d9c7.000f12c8	user_options->brain_session	0
TOP.6981d9c7.000f12c8	proc_start	1770117575
TOP.6981d9c7.000f12c8	proc_stop	1770117575
TOP.6981d9c7.000f12c8	STOP
TOP.6981da58.00042248	START
TOP.6981da58.00042248	folder_config->cwd	/home/thales/hackattic/zip
TOP.6981da58.00042248	folder_config->install_dir	/home/thales/hackattic/zip/hashcat-7.1.2
TOP.6981da58.00042248	folder_config->profile_dir	/home/thales/hackattic/zip/hashcat-7.1.2
TOP.6981da58.00042248	folder_config->session_dir	/home/thales/hackattic/zip/hashcat-7.1.2
TOP.6981da58.00042248	folder_config->shared_dir	/home/thales/hackattic/zip/hashcat-7.1.2
TOP.6981da58.00042248	user_options->encoding_from	utf-8
TOP.6981da58.00042248	user_options->encoding_to	utf-8
TOP.6981da58.00042248	user_options->rule_buf_l	:
TOP.6981da58.00042248	user_options->rule_buf_r	:
TOP.6981da58.00042248	user_options->session	show
TOP.6981da58.00042248	user_options->separator	:
TOP.6981da58.00042248	user_options->limit	0
TOP.6981da58.00042248	user_options->skip	0
TOP.6981da58.00042248	user_options->attack_mode	100
TOP.6981da58.00042248	user_options->backend_devices_virtmulti	1
TOP.6981da58.00042248	user_options->backend_devices_virthost	1
TOP.6981da58.00042248	user_options->backend_devices_keepfree	0
TOP.6981da58.00042248	user_options->benchmark	0
TOP.6981da58.00042248	user_options->benchmark_all	0
TOP.6981da58.00042248	user_options->benchmark_max	99999
TOP.6981da58.00042248	user_options->benchmark_min	0
TOP.6981da58.00042248	user_options->bitmap_max	18
TOP.6981da58.00042248	user_options->bitmap_min	16
TOP.6981da58.00042248	user_options->debug_mode	0
TOP.6981da58.00042248	user_options->dynamic_x	0
TOP.6981da58.00042248	user_options->hash_info	0
TOP.6981da58.00042248	user_options->force	0
TOP.6981da58.00042248	user_options->hwmon	1
TOP.6981da58.00042248	user_options->hwmon_temp_abort	90
TOP.6981da58.00042248	user_options->hash_mode	17225
TOP.6981da58.00042248	user_options->hex_charset	0
TOP.6981da58.00042248	user_options->hex_salt	0
TOP.6981da58.00042248	user_options->hex_wordlist	0
TOP.6981da58.00042248	user_options->hook_threads	0
TOP.6981da58.00042248	user_options->identify	0
TOP.6981da58.00042248	user_options->increment	0
TOP.6981da58.00042248	user_options->increment_max	256
TOP.6981da58.00042248	user_options->increment_min	1
TOP.6981da58.00042248	user_options->keep_guessing	0
TOP.6981da58.00042248	user_options->kernel_accel	0
TOP.6981da58.00042248	user_options->kernel_loops	0
TOP.6981da58.00042248	user_options->kernel_threads	0
TOP.6981da58.00042248	user_options->keyspace	0
TOP.6981da58.00042248	user_options->total_candidates	0
TOP.6981da58.00042248	user_options->left	0
TOP.6981da58.00042248	user_options->logfile	1
TOP.6981da58.00042248	user_options->loopback	0
TOP.6981da58.00042248	user_options->machine_readable	0
TOP.6981da58.00042248	user_options->markov_classic	0
TOP.6981da58.00042248	user_options->markov	1
TOP.6981da58.00042248	user_options->markov_inverse	0
TOP.6981da58.00042248	user_options->markov_threshold	256
TOP.6981da58.00042248	user_options->metal_compiler_runtime	120
TOP.6981da58.00042248	user_options->multiply_accel	1
TOP.6981da58.00042248	user_options->backend_info	0
TOP.6981da58.00042248	user_options->backend_vector_width	0
TOP.6981da58.00042248	user_options->optimized_kernel	0
TOP.6981da58.00042248	user_options->outfile_autohex	1
TOP.6981da58.00042248	user_options->outfile_check_timer	5
TOP.6981da58.00042248	user_options->outfile_format	2
TOP.6981da58.00042248	user_options->outfile_json	0
TOP.6981da58.00042248	user_options->wordlist_autohex	1
TOP.6981da58.00042248	user_options->potfile	1
TOP.6981da58.00042248	user_options->progress_only	0
TOP.6981da58.00042248	user_options->quiet	1
TOP.6981da58.00042248	user_options->remove	0
TOP.6981da58.00042248	user_options->remove_timer	60
TOP.6981da58.00042248	user_options->restore	0
TOP.6981da58.00042248	user_options->restore_enable	0
TOP.6981da58.00042248	user_options->restore_timer	1
TOP.6981da58.00042248	user_options->rp_files_cnt	0
TOP.6981da58.00042248	user_options->rp_gen	0
TOP.6981da58.00042248	user_options->rp_gen_func_max	4
TOP.6981da58.00042248	user_options->rp_gen_func_min	1
TOP.6981da58.00042248	user_options->rp_gen_seed	0
TOP.6981da58.00042248	user_options->runtime	0
TOP.6981da58.00042248	user_options->scrypt_tmto	0
TOP.6981da58.00042248	user_options->segment_size	33554432
TOP.6981da58.00042248	user_options->self_test	1
TOP.6981da58.00042248	user_options->slow_candidates	0
TOP.6981da58.00042248	user_options->show	1
TOP.6981da58.00042248	user_options->speed_only	0
TOP.6981da58.00042248	user_options->spin_damp	0
TOP.6981da58.00042248	user_options->status	0
TOP.6981da58.00042248	user_options->status_json	0
TOP.6981da58.00042248	user_options->status_timer	10
TOP.6981da58.00042248	user_options->stdout_flag	0
TOP.6981da58.00042248	user_options->usage	0
TOP.6981da58.00042248	user_options->username	0
TOP.6981da58.00042248	user_options->veracrypt_pim_start	485
TOP.6981da58.00042248	user_options->veracrypt_pim_stop	485
TOP.6981da58.00042248	user_options->version	0
TOP.6981da58.00042248	user_options->workload_profile	2
TOP.6981da58.00042248	user_options->brain_client	0
TOP.6981da58.00042248	user_options->brain_client_features	2
TOP.6981da58.00042248	user_options->brain_server	0
TOP.6981da58.00042248	user_options->brain_server_timer	300
TOP.6981da58.00042248	user_options->brain_port	6863
TOP.6981da58.00042248	user_options->brain_session	0
TOP.6981da58.00042248	proc_start	1770117720
TOP.6981da58.00042248	proc_stop	1770117720
TOP.6981da58.00042248	STOP
TOP.6981da76.00018229	START
TOP.6981da76.00018229	folder_config->cwd	/home/thales/hackattic/zip
TOP.6981da76.00018229	folder_config->install_dir	/home/thales/hackattic/zip/hashcat-7.1.2
TOP.6981da76.00018229	folder_config->profile_dir	/home/thales/hackattic/zip/hashcat-7.1.2
TOP.6981da76.00018229	folder_config->session_dir	/home/thales/hackattic/zip/hashcat-7.1.2
TOP.6981da76.00018229	folder_config->shared_dir	/home/thales/hackattic/zip/hashcat-7.1.2
TOP.6981da76.00018229	user_options->encoding_from	utf-8
TOP.6981da76.00018229	user_options->encoding_to	utf-8
TOP.6981da76.00018229	user_options->rule_buf_l	:
TOP.6981da76.00018229	user_options->rule_buf_r	:
TOP.6981da76.00018229	user_options->session	show
TOP.6981da76.00018229	user_options->separator	:
TOP.6981da76.00018229	user_options->limit	0
TOP.6981da76.00018229	user_options->skip	0
TOP.6981da76.00018229	user_options->attack_mode	100
TOP.6981da76.00018229	user_options->backend_devices_virtmulti	1
TOP.6981da76.00018229	user_options->backend_devices_virthost	1
TOP.6981da76.00018229	user_options->backend_devices_keepfree	0
TOP.6981da76.00018229	user_options->benchmark	0
TOP.6981da76.00018229	user_options->benchmark_all	0
TOP.6981da76.00018229	user_options->benchmark_max	99999
TOP.6981da76.00018229	user_options->benchmark_min	0
TOP.6981da76.00018229	user_options->bitmap_max	18
TOP.6981da76.00018229	user_options->bitmap_min	16
TOP.6981da76.00018229	user_options->debug_mode	0
TOP.6981da76.00018229	user_options->dynamic_x	0
TOP.6981da76.00018229	user_options->hash_info	0
TOP.6981da76.00018229	user_options->force	0
TOP.6981da76.00018229	user_options->hwmon	1
TOP.6981da76.00018229	user_options->hwmon_temp_abort	90
TOP.6981da76.00018229	user_options->hash_mode	17225
TOP.6981da76.00018229	user_options->hex_charset	0
TOP.6981da76.00018229	user_options->hex_salt	0
TOP.6981da76.00018229	user_options->hex_wordlist	0
TOP.6981da76.00018229	user_options->hook_threads	0
TOP.6981da76.00018229	user_options->identify	0
TOP.6981da76.00018229	user_options->increment	0
TOP.6981da76.00018229	user_options->increment_max	256
TOP.6981da76.00018229	user_options->increment_min	1
TOP.6981da76.00018229	user_options->keep_guessing	0
TOP.6981da76.00018229	user_options->kernel_accel	0
TOP.6981da76.00018229	user_options->kernel_loops	0
TOP.6981da76.00018229	user_options->kernel_threads	0
TOP.6981da76.00018229	user_options->keyspace	0
TOP.6981da76.00018229	user_options->total_candidates	0
TOP.6981da76.00018229	user_options->left	0
TOP.6981da76.00018229	user_options->logfile	1
TOP.6981da76.00018229	user_options->loopback	0
TOP.6981da76.00018229	user_options->machine_readable	0
TOP.6981da76.00018229	user_options->markov_classic	0
TOP.6981da76.00018229	user_options->markov	1
TOP.6981da76.00018229	user_options->markov_inverse	0
TOP.6981da76.00018229	user_options->markov_threshold	256
TOP.6981da76.00018229	user_options->metal_compiler_runtime	120
TOP.6981da76.00018229	user_options->multiply_accel	1
TOP.6981da76.00018229	user_options->backend_info	0
TOP.6981da76.00018229	user_options->backend_vector_width	0
TOP.6981da76.00018229	user_options->optimized_kernel	0
TOP.6981da76.00018229	user_options->outfile_autohex	1
TOP.6981da76.00018229	user_options->outfile_check_timer	5
TOP.6981da76.00018229	user_options->outfile_format	2
TOP.6981da76.00018229	user_options->outfile_json	0
TOP.6981da76.00018229	user_options->wordlist_autohex	1
TOP.6981da76.00018229	user_options->potfile	1
TOP.6981da76.00018229	user_options->progress_only	0
TOP.6981da76.00018229	user_options->quiet	1
TOP.6981da76.00018229	user_options->remove	0
TOP.6981da76.00018229	user_options->remove_timer	60
TOP.6981da76.00018229	user_options->restore	0
TOP.6981da76.00018229	user_options->restore_enable	0
TOP.6981da76.00018229	user_options->restore_timer	1
TOP.6981da76.00018229	user_options->rp_files_cnt	0
TOP.6981da76.00018229	user_options->rp_gen	0
TOP.6981da76.00018229	user_options->rp_gen_func_max	4
TOP.6981da76.00018229	user_options->rp_gen_func_min	1
TOP.6981da76.00018229	user_options->rp_gen_seed	0
TOP.6981da76.00018229	user_options->runtime	0
TOP.6981da76.00018229	user_options->scrypt_tmto	0
TOP.6981da76.00018229	user_options->segment_size	33554432
TOP.6981da76.00018229	user_options->self_test	1
TOP.6981da76.00018229	user_options->slow_candidates	0
TOP.6981da76.00018229	user_options->show	1
TOP.6981da76.00018229	user_options->speed_only	0
TOP.6981da76.00018229	user_options->spin_damp	0
TOP.6981da76.00018229	user_options->status	0
TOP.6981da76.00018229	user_options->status_json	0
TOP.6981da76.00018229	user_options->status_timer	10
TOP.6981da76.00018229	user_options->stdout_flag	0
TOP.6981da76.00018229	user_options->usage	0
TOP.6981da76.00018229	user_options->username	0
TOP.6981da76.00018229	user_options->veracrypt_pim_start	485
TOP.6981da76.00018229	user_options->veracrypt_pim_stop	485
TOP.6981da76.00018229	user_options->version	0
TOP.6981da76.00018229	user_options->workload_profile	2
TOP.6981da76.00018229	user_options->brain_client	0
TOP.6981da76.00018229	user_options->brain_client_features	2
TOP.6981da76.00018229	user_options->brain_server	0
TOP.6981da76.00018229	user_options->brain_server_timer	300
TOP.6981da76.00018229	user_options->brain_port	6863
TOP.6981da76.00018229	user_options->brain_session	0
TOP.6981da76.00018229	proc_start	1770117750
TOP.6981da76.00018229	proc_stop	1770117750
TOP.6981da76.00018229	STOP
TOP.6981dad4.00096454	START
TOP.6981dad4.00096454	folder_config->cwd	/home/thales/hackattic/zip
TOP.6981dad4.00096454	folder_config->install_dir	/home/thales/hackattic/zip/hashcat-7.1.2
TOP.6981dad4.00096454	folder_config->profile_dir	/home/thales/hackattic/zip/hashcat-7.1.2
TOP.6981dad4.00096454	folder_config->session_dir	/home/thales/hackattic/zip/hashcat-7.1.2
TOP.6981dad4.00096454	folder_config->shared_dir	/home/thales/hackattic/zip/hashcat-7.1.2
TOP.6981dad4.00096454	user_options->encoding_from	utf-8
TOP.6981dad4.00096454	user_options->encoding_to	utf-8
TOP.6981dad4.00096454	user_options->rule_buf_l	:
TOP.6981dad4.00096454	user_options->rule_buf_r	:
TOP.6981dad4.00096454	user_options->session	show
TOP.6981dad4.00096454	user_options->separator	:
TOP.6981dad4.00096454	user_options->limit	0
TOP.6981dad4.00096454	user_options->skip	0
TOP.6981dad4.00096454	user_options->attack_mode	100
TOP.6981dad4.00096454	user_options->backend_devices_virtmulti	1
TOP.6981dad4.00096454	user_options->backend_devices_virthost	1
TOP.6981dad4.00096454	user_options->backend_devices_keepfree	0
TOP.6981dad4.00096454	user_options->benchmark	0
TOP.6981dad4.00096454	user_options->benchmark_all	0
TOP.6981dad4.00096454	user_options->benchmark_max	99999
TOP.6981dad4.00096454	user_options->benchmark_min	0
TOP.6981dad4.00096454	user_options->bitmap_max	18
TOP.6981dad4.00096454	user_options->bitmap_min	16
TOP.6981dad4.00096454	user_options->debug_mode	0
TOP.6981dad4.00096454	user_options->dynamic_x	0
TOP.6981dad4.00096454	user_options->hash_info	0
TOP.6981dad4.00096454	user_options->force	0
TOP.6981dad4.00096454	user_options->hwmon	1
TOP.6981dad4.00096454	user_options->hwmon_temp_abort	90
TOP.6981dad4.00096454	user_options->hash_mode	17225
TOP.6981dad4.00096454	user_options->hex_charset	0
TOP.6981dad4.00096454	user_options->hex_salt	0
TOP.6981dad4.00096454	user_options->hex_wordlist	0
TOP.6981dad4.00096454	user_options->hook_threads	0
TOP.6981dad4.00096454	user_options->identify	0
TOP.6981dad4.00096454	user_options->increment	0
TOP.6981dad4.00096454	user_options->increment_max	256
TOP.6981dad4.00096454	user_options->increment_min	1
TOP.6981dad4.00096454	user_options->keep_guessing	0
TOP.6981dad4.00096454	user_options->kernel_accel	0
TOP.6981dad4.00096454	user_options->kernel_loops	0
TOP.6981dad4.00096454	user_options->kernel_threads	0
TOP.6981dad4.00096454	user_options->keyspace	0
TOP.6981dad4.00096454	user_options->total_candidates	0
TOP.6981dad4.00096454	user_options->left	0
TOP.6981dad4.00096454	user_options->logfile	1
TOP.6981dad4.00096454	user_options->loopback	0
TOP.6981dad4.00096454	user_options->machine_readable	0
TOP.6981dad4.00096454	user_options->markov_classic	0
TOP.6981dad4.00096454	user_options->markov	1
TOP.6981dad4.00096454	user_options->markov_inverse	0
TOP.6981dad4.00096454	user_options->markov_threshold	256
TOP.6981dad4.00096454	user_options->metal_compiler_runtime	120
TOP.6981dad4.00096454	user_options->multiply_accel	1
TOP.6981dad4.00096454	user_options->backend_info	0
TOP.6981dad4.00096454	user_options->backend_vector_width	0
TOP.6981dad4.00096454	user_options->optimized_kernel	0
TOP.6981dad4.00096454	user_options->outfile_autohex	1
TOP.6981dad4.00096454	user_options->outfile_check_timer	5
TOP.6981dad4.00096454	user_options->outfile_format	2
TOP.6981dad4.00096454	user_options->outfile_json	0
TOP.6981dad4.00096454	user_options->wordlist_autohex	1
TOP.6981dad4.00096454	user_options->potfile	1
TOP.6981dad4.00096454	user_options->progress_only	0
TOP.6981dad4.00096454	user_options->quiet	1
TOP.6981dad4.00096454	user_options->remove	0
TOP.6981dad4.00096454	user_options->remove_timer	60
TOP.6981dad4.00096454	user_options->restore	0
TOP.6981dad4.00096454	user_options->restore_enable	0
TOP.6981dad4.00096454	user_options->restore_timer	1
TOP.6981dad4.00096454	user_options->rp_files_cnt	0
TOP.6981dad4.00096454	user_options->rp_gen	0
TOP.6981dad4.00096454	user_options->rp_gen_func_max	4
TOP.6981dad4.00096454	user_options->rp_gen_func_min	1
TOP.6981dad4.00096454	user_options->rp_gen_seed	0
TOP.6981dad4.00096454	user_options->runtime	0
TOP.6981dad4.00096454	user_options->scrypt_tmto	0
TOP.6981dad4.00096454	user_options->segment_size	33554432
TOP.6981dad4.00096454	user_options->self_test	1
TOP.6981dad4.00096454	user_options->slow_candidates	0
TOP.6981dad4.00096454	user_options->show	1
TOP.6981dad4.00096454	user_options->speed_only	0
TOP.6981dad4.00096454	user_options->spin_damp	0
TOP.6981dad4.00096454	user_options->status	0
TOP.6981dad4.00096454	user_options->status_json	0
TOP.6981dad4.00096454	user_options->status_timer	10
TOP.6981dad4.00096454	user_options->stdout_flag	0
TOP.6981dad4.00096454	user_options->usage	0
TOP.6981dad4.00096454	user_options->username	0
TOP.6981dad4.00096454	user_options->veracrypt_pim_start	485
TOP.6981dad4.00096454	user_options->veracrypt_pim_stop	485
TOP.6981dad4.00096454	user_options->version	0
TOP.6981dad4.00096454	user_options->workload_profile	2
TOP.6981dad4.00096454	user_options->brain_client	0
TOP.6981dad4.00096454	user_options->brain_client_features	2
TOP.6981dad4.00096454	user_options->brain_server	0
TOP.6981dad4.00096454	user_options->brain_server_timer	300
TOP.6981dad4.00096454	user_options->brain_port	6863
TOP.6981dad4.00096454	user_options->brain_session	0
TOP.6981dad4.00096454	proc_start	1770117844
TOP.6981dad4.00096454	proc_stop	1770117844
TOP.6981dad4.00096454	STOP
TOP.6981db44.000b25ae	START
TOP.6981db44.000b25ae	folder_config->cwd	/home/thales/hackattic/zip
TOP.6981db44.000b25ae	folder_config->install_dir	/home/thales/hackattic/zip/hashcat-7.1.2
TOP.6981db44.000b25ae	folder_config->profile_dir	/home/thales/hackattic/zip/hashcat-7.1.2
TOP.6981db44.000b25ae	folder_config->session_dir	/home/thales/hackattic/zip/hashcat-7.1.2
TOP.6981db44.000b25ae	folder_config->shared_dir	/home/thales/hackattic/zip/hashcat-7.1.2
TOP.6981db44.000b25ae	user_options->encoding_from	utf-8
TOP.6981db44.000b25ae	user_options->encoding_to	utf-8
TOP.6981db44.000b25ae	user_options->rule_buf_l	:
TOP.6981db44.000b25ae	user_options->rule_buf_r	:
TOP.6981db44.000b25ae	user_options->session	show
TOP.6981db44.000b25ae	user_options->separator	:
TOP.6981db44.000b25ae	user_options->limit	0
TOP.6981db44.000b25ae	user_options->skip	0
TOP.6981db44.000b25ae	user_options->attack_mode	100
TOP.6981db44.000b25ae	user_options->backend_devices_virtmulti	1
TOP.6981db44.000b25ae	user_options->backend_devices_virthost	1
TOP.6981db44.000b25ae	user_options->backend_devices_keepfree	0
TOP.6981db44.000b25ae	user_options->benchmark	0
TOP.6981db44.000b25ae	user_options->benchmark_all	0
TOP.6981db44.000b25ae	user_options->benchmark_max	99999
TOP.6981db44.000b25ae	user_options->benchmark_min	0
TOP.6981db44.000b25ae	user_options->bitmap_max	18
TOP.6981db44.000b25ae	user_options->bitmap_min	16
TOP.6981db44.000b25ae	user_options->debug_mode	0
TOP.6981db44.000b25ae	user_options->dynamic_x	0
TOP.6981db44.000b25ae	user_options->hash_info	0
TOP.6981db44.000b25ae	user_options->force	0
TOP.6981db44.000b25ae	user_options->hwmon	1
TOP.6981db44.000b25ae	user_options->hwmon_temp_abort	90
TOP.6981db44.000b25ae	user_options->hash_mode	17225
TOP.6981db44.000b25ae	user_options->hex_charset	0
TOP.6981db44.000b25ae	user_options->hex_salt	0
TOP.6981db44.000b25ae	user_options->hex_wordlist	0
TOP.6981db44.000b25ae	user_options->hook_threads	0
TOP.6981db44.000b25ae	user_options->identify	0
TOP.6981db44.000b25ae	user_options->increment	0
TOP.6981db44.000b25ae	user_options->increment_max	256
TOP.6981db44.000b25ae	user_options->increment_min	1
TOP.6981db44.000b25ae	user_options->keep_guessing	0
TOP.6981db44.000b25ae	user_options->kernel_accel	0
TOP.6981db44.000b25ae	user_options->kernel_loops	0
TOP.6981db44.000b25ae	user_options->kernel_threads	0
TOP.6981db44.000b25ae	user_options->keyspace	0
TOP.6981db44.000b25ae	user_options->total_candidates	0
TOP.6981db44.000b25ae	user_options->left	0
TOP.6981db44.000b25ae	user_options->logfile	1
TOP.6981db44.000b25ae	user_options->loopback	0
TOP.6981db44.000b25ae	user_options->machine_readable	0
TOP.6981db44.000b25ae	user_options->markov_classic	0
TOP.6981db44.000b25ae	user_options->markov	1
TOP.6981db44.000b25ae	user_options->markov_inverse	0
TOP.6981db44.000b25ae	user_options->markov_threshold	256
TOP.6981db44.000b25ae	user_options->metal_compiler_runtime	120
TOP.6981db44.000b25ae	user_options->multiply_accel	1
TOP.6981db44.000b25ae	user_options->backend_info	0
TOP.6981db44.000b25ae	user_options->backend_vector_width	0
TOP.6981db44.000b25ae	user_options->optimized_kernel	0
TOP.6981db44.000b25ae	user_options->outfile_autohex	1
TOP.6981db44.000b25ae	user_options->outfile_check_timer	5
TOP.6981db44.000b25ae	user_options->outfile_format	2
TOP.6981db44.000b25ae	user_options->outfile_json	0
TOP.6981db44.000b25ae	user_options->wordlist_autohex	1
TOP.6981db44.000b25ae	user_options->potfile	1
TOP.6981db44.000b25ae	user_options->progress_only	0
TOP.6981db44.000b25ae	user_options->quiet	1
TOP.6981db44.000b25ae	user_options->remove	0
TOP.6981db44.000b25ae	user_options->remove_timer	60
TOP.6981db44.000b25ae	user_options->restore	0
TOP.6981db44.000b25ae	user_options->restore_enable	0
TOP.6981db44.000b25ae	user_options->restore_timer	1
TOP.6981db44.000b25ae	user_options->rp_files_cnt	0
TOP.6981db44.000b25ae	user_options->rp_gen	0
TOP.6981db44.000b25ae	user_options->rp_gen_func_max	4
TOP.6981db44.000b25ae	user_options->rp_gen_func_min	1
TOP.6981db44.000b25ae	user_options->rp_gen_seed	0
TOP.6981db44.000b25ae	user_options->runtime	0
TOP.6981db44.000b25ae	user_options->scrypt_tmto	0
TOP.6981db44.000b25ae	user_options->segment_size	33554432
TOP.6981db44.000b25ae	user_options->self_test	1
TOP.6981db44.000b25ae	user_options->slow_candidates	0
TOP.6981db44.000b25ae	user_options->show	1
TOP.6981db44.000b25ae	user_options->speed_only	0
TOP.6981db44.000b25ae	user_options->spin_damp	0
TOP.6981db44.000b25ae	user_options->status	0
TOP.6981db44.000b25ae	user_options->status_json	0
TOP.6981db44.000b25ae	user_options->status_timer	10
TOP.6981db44.000b25ae	user_options->stdout_flag	0
TOP.6981db44.000b25ae	user_options->usage	0
TOP.6981db44.000b25ae	user_options->username	0
TOP.6981db44.000b25ae	user_options->veracrypt_pim_start	485
TOP.6981db44.000b25ae	user_options->veracrypt_pim_stop	485
TOP.6981db44.000b25ae	user_options->version	0
TOP.6981db44.000b25ae	user_options->workload_profile	2
TOP.6981db44.000b25ae	user_options->brain_client	0
TOP.6981db44.000b25ae	user_options->brain_client_features	2
TOP.6981db44.000b25ae	user_options->brain_server	0
TOP.6981db44.000b25ae	user_options->brain_server_timer	300
TOP.6981db44.000b25ae	user_options->brain_port	6863
TOP.6981db44.000b25ae	user_options->brain_session	0
TOP.6981db44.000b25ae	proc_start	1770117956
TOP.6981db44.000b25ae	proc_stop	1770117956
TOP.6981db44.000b25ae	STOP
